2021-11-27 12:15:12,785 [INFO ] restartedMain com.qzx.secondhand.SecondhandApplication [StartupInfoLogger.java : 55] Starting SecondhandApplication using Java 11 on DESKTOP-MVLN807 with PID 25672 (F:\aaa\后端开发\3.java\code\secondhand\target\classes started by 14522 in F:\aaa\后端开发\3.java\code\secondhand)
2021-11-27 12:15:12,787 [INFO ] restartedMain com.qzx.secondhand.SecondhandApplication [SpringApplication.java : 639] The following profiles are active: dev
2021-11-27 12:15:12,839 [INFO ] restartedMain o.s.boot.devtools.env.DevToolsPropertyDefaultsPostProcessor [DeferredLog.java : 255] Devtools property defaults active! Set 'spring.devtools.add-properties' to 'false' to disable
2021-11-27 12:15:12,839 [INFO ] restartedMain o.s.boot.devtools.env.DevToolsPropertyDefaultsPostProcessor [DeferredLog.java : 255] For additional web related logging consider setting the 'logging.level.web' property to 'DEBUG'
2021-11-27 12:15:13,355 [INFO ] restartedMain o.s.data.repository.config.RepositoryConfigurationDelegate [RepositoryConfigurationDelegate.java : 262] Multiple Spring Data modules found, entering strict repository configuration mode!
2021-11-27 12:15:13,356 [INFO ] restartedMain o.s.data.repository.config.RepositoryConfigurationDelegate [RepositoryConfigurationDelegate.java : 132] Bootstrapping Spring Data Redis repositories in DEFAULT mode.
2021-11-27 12:15:13,371 [INFO ] restartedMain o.s.data.repository.config.RepositoryConfigurationDelegate [RepositoryConfigurationDelegate.java : 201] Finished Spring Data repository scanning in 5 ms. Found 0 Redis repository interfaces.
2021-11-27 12:15:13,551 [INFO ] restartedMain o.s.c.s.PostProcessorRegistrationDelegate$BeanPostProcessorChecker [PostProcessorRegistrationDelegate.java : 376] Bean 'thread.pool-com.qzx.secondhand.model.config.TaskThreadPoolConfig' of type [com.qzx.secondhand.model.config.TaskThreadPoolConfig] is not eligible for getting processed by all BeanPostProcessors (for example: not eligible for auto-proxying)
2021-11-27 12:15:13,552 [INFO ] restartedMain o.s.c.s.PostProcessorRegistrationDelegate$BeanPostProcessorChecker [PostProcessorRegistrationDelegate.java : 376] Bean 'defaultThreadPoolConfig' of type [com.qzx.secondhand.config.thread.DefaultThreadPoolConfig$$EnhancerBySpringCGLIB$$a818cab1] is not eligible for getting processed by all BeanPostProcessors (for example: not eligible for auto-proxying)
2021-11-27 12:15:13,559 [INFO ] restartedMain o.s.c.s.PostProcessorRegistrationDelegate$BeanPostProcessorChecker [PostProcessorRegistrationDelegate.java : 376] Bean 'com.alibaba.druid.spring.boot.autoconfigure.stat.DruidSpringAopConfiguration' of type [com.alibaba.druid.spring.boot.autoconfigure.stat.DruidSpringAopConfiguration] is not eligible for getting processed by all BeanPostProcessors (for example: not eligible for auto-proxying)
2021-11-27 12:15:13,600 [INFO ] restartedMain o.s.c.s.PostProcessorRegistrationDelegate$BeanPostProcessorChecker [PostProcessorRegistrationDelegate.java : 376] Bean 'spring.datasource.druid-com.alibaba.druid.spring.boot.autoconfigure.properties.DruidStatProperties' of type [com.alibaba.druid.spring.boot.autoconfigure.properties.DruidStatProperties] is not eligible for getting processed by all BeanPostProcessors (for example: not eligible for auto-proxying)
2021-11-27 12:15:13,604 [INFO ] restartedMain o.s.c.s.PostProcessorRegistrationDelegate$BeanPostProcessorChecker [PostProcessorRegistrationDelegate.java : 376] Bean 'advisor' of type [org.springframework.aop.support.RegexpMethodPointcutAdvisor] is not eligible for getting processed by all BeanPostProcessors (for example: not eligible for auto-proxying)
2021-11-27 12:15:13,812 [INFO ] restartedMain org.springframework.boot.web.embedded.tomcat.TomcatWebServer [TomcatWebServer.java : 108] Tomcat initialized with port(s): 8080 (http)
2021-11-27 12:15:13,821 [INFO ] restartedMain org.apache.coyote.http11.Http11NioProtocol [DirectJDKLog.java : 173] Initializing ProtocolHandler ["http-nio-8080"]
2021-11-27 12:15:13,821 [INFO ] restartedMain org.apache.catalina.core.StandardService [DirectJDKLog.java : 173] Starting service [Tomcat]
2021-11-27 12:15:13,822 [INFO ] restartedMain org.apache.catalina.core.StandardEngine [DirectJDKLog.java : 173] Starting Servlet engine: [Apache Tomcat/9.0.55]
2021-11-27 12:15:13,874 [INFO ] restartedMain o.a.catalina.core.ContainerBase.[Tomcat].[localhost].[/] [DirectJDKLog.java : 173] Initializing Spring embedded WebApplicationContext
2021-11-27 12:15:13,875 [INFO ] restartedMain o.s.b.web.servlet.context.ServletWebServerApplicationContext [ServletWebServerApplicationContext.java : 290] Root WebApplicationContext: initialization completed in 1035 ms
2021-11-27 12:15:13,992 [INFO ] restartedMain c.a.d.spring.boot.autoconfigure.DruidDataSourceAutoConfigure [DruidDataSourceAutoConfigure.java : 56] Init DruidDataSource
2021-11-27 12:15:15,499 [INFO ] restartedMain com.alibaba.druid.pool.DruidDataSource [DruidDataSource.java : 1003] {dataSource-1} inited
2021-11-27 12:15:16,074 [INFO ] restartedMain o.s.boot.devtools.autoconfigure.OptionalLiveReloadServer [OptionalLiveReloadServer.java : 58] LiveReload server is running on port 35729
2021-11-27 12:15:16,120 [INFO ] restartedMain org.apache.coyote.http11.Http11NioProtocol [DirectJDKLog.java : 173] Starting ProtocolHandler ["http-nio-8080"]
2021-11-27 12:15:16,134 [INFO ] restartedMain org.springframework.boot.web.embedded.tomcat.TomcatWebServer [TomcatWebServer.java : 220] Tomcat started on port(s): 8080 (http) with context path ''
2021-11-27 12:15:16,142 [INFO ] restartedMain com.qzx.secondhand.SecondhandApplication [StartupInfoLogger.java : 61] Started SecondhandApplication in 3.915 seconds (JVM running for 4.811)
2021-11-27 12:15:42,484 [INFO ] http-nio-8080-exec-1 o.a.catalina.core.ContainerBase.[Tomcat].[localhost].[/] [DirectJDKLog.java : 173] Initializing Spring DispatcherServlet 'dispatcherServlet'
2021-11-27 12:15:42,485 [INFO ] http-nio-8080-exec-1 org.springframework.web.servlet.DispatcherServlet [FrameworkServlet.java : 525] Initializing Servlet 'dispatcherServlet'
2021-11-27 12:15:42,486 [INFO ] http-nio-8080-exec-1 org.springframework.web.servlet.DispatcherServlet [FrameworkServlet.java : 547] Completed initialization in 1 ms
2021-11-27 12:25:27,871 [INFO ] SpringApplicationShutdownHook com.alibaba.druid.pool.DruidDataSource [DruidDataSource.java : 1948] {dataSource-1} closing ...
2021-11-27 12:25:27,883 [INFO ] SpringApplicationShutdownHook com.alibaba.druid.pool.DruidDataSource [DruidDataSource.java : 2020] {dataSource-1} closed
2021-11-27 12:25:33,006 [INFO ] restartedMain com.qzx.secondhand.SecondhandApplication [StartupInfoLogger.java : 55] Starting SecondhandApplication using Java 11 on DESKTOP-MVLN807 with PID 5556 (F:\aaa\后端开发\3.java\code\secondhand\target\classes started by 14522 in F:\aaa\后端开发\3.java\code\secondhand)
2021-11-27 12:25:33,008 [INFO ] restartedMain com.qzx.secondhand.SecondhandApplication [SpringApplication.java : 639] The following profiles are active: dev
2021-11-27 12:25:33,053 [INFO ] restartedMain o.s.boot.devtools.env.DevToolsPropertyDefaultsPostProcessor [DeferredLog.java : 255] Devtools property defaults active! Set 'spring.devtools.add-properties' to 'false' to disable
2021-11-27 12:25:33,054 [INFO ] restartedMain o.s.boot.devtools.env.DevToolsPropertyDefaultsPostProcessor [DeferredLog.java : 255] For additional web related logging consider setting the 'logging.level.web' property to 'DEBUG'
2021-11-27 12:25:33,574 [INFO ] restartedMain o.s.data.repository.config.RepositoryConfigurationDelegate [RepositoryConfigurationDelegate.java : 262] Multiple Spring Data modules found, entering strict repository configuration mode!
2021-11-27 12:25:33,576 [INFO ] restartedMain o.s.data.repository.config.RepositoryConfigurationDelegate [RepositoryConfigurationDelegate.java : 132] Bootstrapping Spring Data Redis repositories in DEFAULT mode.
2021-11-27 12:25:33,590 [INFO ] restartedMain o.s.data.repository.config.RepositoryConfigurationDelegate [RepositoryConfigurationDelegate.java : 201] Finished Spring Data repository scanning in 4 ms. Found 0 Redis repository interfaces.
2021-11-27 12:25:33,787 [INFO ] restartedMain o.s.c.s.PostProcessorRegistrationDelegate$BeanPostProcessorChecker [PostProcessorRegistrationDelegate.java : 376] Bean 'thread.pool-com.qzx.secondhand.model.config.TaskThreadPoolConfig' of type [com.qzx.secondhand.model.config.TaskThreadPoolConfig] is not eligible for getting processed by all BeanPostProcessors (for example: not eligible for auto-proxying)
2021-11-27 12:25:33,788 [INFO ] restartedMain o.s.c.s.PostProcessorRegistrationDelegate$BeanPostProcessorChecker [PostProcessorRegistrationDelegate.java : 376] Bean 'defaultThreadPoolConfig' of type [com.qzx.secondhand.config.thread.DefaultThreadPoolConfig$$EnhancerBySpringCGLIB$$16a8c5a8] is not eligible for getting processed by all BeanPostProcessors (for example: not eligible for auto-proxying)
2021-11-27 12:25:33,798 [INFO ] restartedMain o.s.c.s.PostProcessorRegistrationDelegate$BeanPostProcessorChecker [PostProcessorRegistrationDelegate.java : 376] Bean 'com.alibaba.druid.spring.boot.autoconfigure.stat.DruidSpringAopConfiguration' of type [com.alibaba.druid.spring.boot.autoconfigure.stat.DruidSpringAopConfiguration] is not eligible for getting processed by all BeanPostProcessors (for example: not eligible for auto-proxying)
2021-11-27 12:25:33,839 [INFO ] restartedMain o.s.c.s.PostProcessorRegistrationDelegate$BeanPostProcessorChecker [PostProcessorRegistrationDelegate.java : 376] Bean 'spring.datasource.druid-com.alibaba.druid.spring.boot.autoconfigure.properties.DruidStatProperties' of type [com.alibaba.druid.spring.boot.autoconfigure.properties.DruidStatProperties] is not eligible for getting processed by all BeanPostProcessors (for example: not eligible for auto-proxying)
2021-11-27 12:25:33,843 [INFO ] restartedMain o.s.c.s.PostProcessorRegistrationDelegate$BeanPostProcessorChecker [PostProcessorRegistrationDelegate.java : 376] Bean 'advisor' of type [org.springframework.aop.support.RegexpMethodPointcutAdvisor] is not eligible for getting processed by all BeanPostProcessors (for example: not eligible for auto-proxying)
2021-11-27 12:25:34,069 [INFO ] restartedMain org.springframework.boot.web.embedded.tomcat.TomcatWebServer [TomcatWebServer.java : 108] Tomcat initialized with port(s): 8080 (http)
2021-11-27 12:25:34,077 [INFO ] restartedMain org.apache.coyote.http11.Http11NioProtocol [DirectJDKLog.java : 173] Initializing ProtocolHandler ["http-nio-8080"]
2021-11-27 12:25:34,077 [INFO ] restartedMain org.apache.catalina.core.StandardService [DirectJDKLog.java : 173] Starting service [Tomcat]
2021-11-27 12:25:34,077 [INFO ] restartedMain org.apache.catalina.core.StandardEngine [DirectJDKLog.java : 173] Starting Servlet engine: [Apache Tomcat/9.0.55]
2021-11-27 12:25:34,135 [INFO ] restartedMain o.a.catalina.core.ContainerBase.[Tomcat].[localhost].[/] [DirectJDKLog.java : 173] Initializing Spring embedded WebApplicationContext
2021-11-27 12:25:34,136 [INFO ] restartedMain o.s.b.web.servlet.context.ServletWebServerApplicationContext [ServletWebServerApplicationContext.java : 290] Root WebApplicationContext: initialization completed in 1082 ms
2021-11-27 12:25:34,258 [INFO ] restartedMain c.a.d.spring.boot.autoconfigure.DruidDataSourceAutoConfigure [DruidDataSourceAutoConfigure.java : 56] Init DruidDataSource
2021-11-27 12:25:35,727 [INFO ] restartedMain com.alibaba.druid.pool.DruidDataSource [DruidDataSource.java : 1003] {dataSource-1} inited
2021-11-27 12:25:36,605 [INFO ] restartedMain o.s.boot.devtools.autoconfigure.OptionalLiveReloadServer [OptionalLiveReloadServer.java : 58] LiveReload server is running on port 35729
2021-11-27 12:25:36,728 [INFO ] restartedMain org.apache.coyote.http11.Http11NioProtocol [DirectJDKLog.java : 173] Starting ProtocolHandler ["http-nio-8080"]
2021-11-27 12:25:36,759 [INFO ] restartedMain org.springframework.boot.web.embedded.tomcat.TomcatWebServer [TomcatWebServer.java : 220] Tomcat started on port(s): 8080 (http) with context path ''
2021-11-27 12:25:36,804 [INFO ] restartedMain com.qzx.secondhand.SecondhandApplication [StartupInfoLogger.java : 61] Started SecondhandApplication in 4.226 seconds (JVM running for 4.929)
2021-11-27 12:25:39,318 [INFO ] http-nio-8080-exec-1 o.a.catalina.core.ContainerBase.[Tomcat].[localhost].[/] [DirectJDKLog.java : 173] Initializing Spring DispatcherServlet 'dispatcherServlet'
2021-11-27 12:25:39,319 [INFO ] http-nio-8080-exec-1 org.springframework.web.servlet.DispatcherServlet [FrameworkServlet.java : 525] Initializing Servlet 'dispatcherServlet'
2021-11-27 12:25:39,320 [INFO ] http-nio-8080-exec-1 org.springframework.web.servlet.DispatcherServlet [FrameworkServlet.java : 547] Completed initialization in 1 ms
2021-11-27 12:26:38,792 [INFO ] SpringApplicationShutdownHook com.alibaba.druid.pool.DruidDataSource [DruidDataSource.java : 1948] {dataSource-1} closing ...
2021-11-27 12:26:38,801 [INFO ] SpringApplicationShutdownHook com.alibaba.druid.pool.DruidDataSource [DruidDataSource.java : 2020] {dataSource-1} closed
2021-11-27 12:26:42,061 [INFO ] restartedMain com.qzx.secondhand.SecondhandApplication [StartupInfoLogger.java : 55] Starting SecondhandApplication using Java 11 on DESKTOP-MVLN807 with PID 31624 (F:\aaa\后端开发\3.java\code\secondhand\target\classes started by 14522 in F:\aaa\后端开发\3.java\code\secondhand)
2021-11-27 12:26:42,063 [INFO ] restartedMain com.qzx.secondhand.SecondhandApplication [SpringApplication.java : 639] The following profiles are active: dev
2021-11-27 12:26:42,122 [INFO ] restartedMain o.s.boot.devtools.env.DevToolsPropertyDefaultsPostProcessor [DeferredLog.java : 255] Devtools property defaults active! Set 'spring.devtools.add-properties' to 'false' to disable
2021-11-27 12:26:42,122 [INFO ] restartedMain o.s.boot.devtools.env.DevToolsPropertyDefaultsPostProcessor [DeferredLog.java : 255] For additional web related logging consider setting the 'logging.level.web' property to 'DEBUG'
2021-11-27 12:26:42,726 [INFO ] restartedMain o.s.data.repository.config.RepositoryConfigurationDelegate [RepositoryConfigurationDelegate.java : 262] Multiple Spring Data modules found, entering strict repository configuration mode!
2021-11-27 12:26:42,728 [INFO ] restartedMain o.s.data.repository.config.RepositoryConfigurationDelegate [RepositoryConfigurationDelegate.java : 132] Bootstrapping Spring Data Redis repositories in DEFAULT mode.
2021-11-27 12:26:42,742 [INFO ] restartedMain o.s.data.repository.config.RepositoryConfigurationDelegate [RepositoryConfigurationDelegate.java : 201] Finished Spring Data repository scanning in 5 ms. Found 0 Redis repository interfaces.
2021-11-27 12:26:42,932 [INFO ] restartedMain o.s.c.s.PostProcessorRegistrationDelegate$BeanPostProcessorChecker [PostProcessorRegistrationDelegate.java : 376] Bean 'thread.pool-com.qzx.secondhand.model.config.TaskThreadPoolConfig' of type [com.qzx.secondhand.model.config.TaskThreadPoolConfig] is not eligible for getting processed by all BeanPostProcessors (for example: not eligible for auto-proxying)
2021-11-27 12:26:42,932 [INFO ] restartedMain o.s.c.s.PostProcessorRegistrationDelegate$BeanPostProcessorChecker [PostProcessorRegistrationDelegate.java : 376] Bean 'defaultThreadPoolConfig' of type [com.qzx.secondhand.config.thread.DefaultThreadPoolConfig$$EnhancerBySpringCGLIB$$69409b4e] is not eligible for getting processed by all BeanPostProcessors (for example: not eligible for auto-proxying)
2021-11-27 12:26:42,942 [INFO ] restartedMain o.s.c.s.PostProcessorRegistrationDelegate$BeanPostProcessorChecker [PostProcessorRegistrationDelegate.java : 376] Bean 'com.alibaba.druid.spring.boot.autoconfigure.stat.DruidSpringAopConfiguration' of type [com.alibaba.druid.spring.boot.autoconfigure.stat.DruidSpringAopConfiguration] is not eligible for getting processed by all BeanPostProcessors (for example: not eligible for auto-proxying)
2021-11-27 12:26:42,985 [INFO ] restartedMain o.s.c.s.PostProcessorRegistrationDelegate$BeanPostProcessorChecker [PostProcessorRegistrationDelegate.java : 376] Bean 'spring.datasource.druid-com.alibaba.druid.spring.boot.autoconfigure.properties.DruidStatProperties' of type [com.alibaba.druid.spring.boot.autoconfigure.properties.DruidStatProperties] is not eligible for getting processed by all BeanPostProcessors (for example: not eligible for auto-proxying)
2021-11-27 12:26:42,990 [INFO ] restartedMain o.s.c.s.PostProcessorRegistrationDelegate$BeanPostProcessorChecker [PostProcessorRegistrationDelegate.java : 376] Bean 'advisor' of type [org.springframework.aop.support.RegexpMethodPointcutAdvisor] is not eligible for getting processed by all BeanPostProcessors (for example: not eligible for auto-proxying)
2021-11-27 12:26:43,237 [INFO ] restartedMain org.springframework.boot.web.embedded.tomcat.TomcatWebServer [TomcatWebServer.java : 108] Tomcat initialized with port(s): 8080 (http)
2021-11-27 12:26:43,244 [INFO ] restartedMain org.apache.coyote.http11.Http11NioProtocol [DirectJDKLog.java : 173] Initializing ProtocolHandler ["http-nio-8080"]
2021-11-27 12:26:43,244 [INFO ] restartedMain org.apache.catalina.core.StandardService [DirectJDKLog.java : 173] Starting service [Tomcat]
2021-11-27 12:26:43,245 [INFO ] restartedMain org.apache.catalina.core.StandardEngine [DirectJDKLog.java : 173] Starting Servlet engine: [Apache Tomcat/9.0.55]
2021-11-27 12:26:43,303 [INFO ] restartedMain o.a.catalina.core.ContainerBase.[Tomcat].[localhost].[/] [DirectJDKLog.java : 173] Initializing Spring embedded WebApplicationContext
2021-11-27 12:26:43,303 [INFO ] restartedMain o.s.b.web.servlet.context.ServletWebServerApplicationContext [ServletWebServerApplicationContext.java : 290] Root WebApplicationContext: initialization completed in 1180 ms
2021-11-27 12:26:43,420 [INFO ] restartedMain c.a.d.spring.boot.autoconfigure.DruidDataSourceAutoConfigure [DruidDataSourceAutoConfigure.java : 56] Init DruidDataSource
2021-11-27 12:26:44,870 [INFO ] restartedMain com.alibaba.druid.pool.DruidDataSource [DruidDataSource.java : 1003] {dataSource-1} inited
2021-11-27 12:26:45,484 [INFO ] restartedMain o.s.boot.devtools.autoconfigure.OptionalLiveReloadServer [OptionalLiveReloadServer.java : 58] LiveReload server is running on port 35729
2021-11-27 12:26:45,535 [INFO ] restartedMain org.apache.coyote.http11.Http11NioProtocol [DirectJDKLog.java : 173] Starting ProtocolHandler ["http-nio-8080"]
2021-11-27 12:26:45,552 [INFO ] restartedMain org.springframework.boot.web.embedded.tomcat.TomcatWebServer [TomcatWebServer.java : 220] Tomcat started on port(s): 8080 (http) with context path ''
2021-11-27 12:26:45,569 [INFO ] restartedMain com.qzx.secondhand.SecondhandApplication [StartupInfoLogger.java : 61] Started SecondhandApplication in 4.142 seconds (JVM running for 4.958)
2021-11-27 12:26:46,579 [INFO ] http-nio-8080-exec-1 o.a.catalina.core.ContainerBase.[Tomcat].[localhost].[/] [DirectJDKLog.java : 173] Initializing Spring DispatcherServlet 'dispatcherServlet'
2021-11-27 12:26:46,580 [INFO ] http-nio-8080-exec-1 org.springframework.web.servlet.DispatcherServlet [FrameworkServlet.java : 525] Initializing Servlet 'dispatcherServlet'
2021-11-27 12:26:46,581 [INFO ] http-nio-8080-exec-1 org.springframework.web.servlet.DispatcherServlet [FrameworkServlet.java : 547] Completed initialization in 1 ms
2021-11-27 12:26:46,632 [DEBUG] default-thread-9 com.qzx.secondhand.mapper.TradeUserMapper.selectall [BaseJdbcLogger.java : 137] ==>  Preparing: select user_id, user_wx_open_id, user_mail, user_password, user_sex, user_name, user_campus_card_number, user_wx_number, user_phone_number, user_avatar, user_address, user_level, user_score, is_dismissed, is_certified, user_real_name, user_college, user_class, user_campus_card_avatar, user_evaluate_score, is_beginner, gmt_create, gmt_modified from trade_user
2021-11-27 12:26:46,632 [DEBUG] default-thread-2 com.qzx.secondhand.mapper.TradeUserMapper.selectall [BaseJdbcLogger.java : 137] ==>  Preparing: select user_id, user_wx_open_id, user_mail, user_password, user_sex, user_name, user_campus_card_number, user_wx_number, user_phone_number, user_avatar, user_address, user_level, user_score, is_dismissed, is_certified, user_real_name, user_college, user_class, user_campus_card_avatar, user_evaluate_score, is_beginner, gmt_create, gmt_modified from trade_user
2021-11-27 12:26:46,632 [DEBUG] default-thread-6 com.qzx.secondhand.mapper.TradeUserMapper.selectall [BaseJdbcLogger.java : 137] ==>  Preparing: select user_id, user_wx_open_id, user_mail, user_password, user_sex, user_name, user_campus_card_number, user_wx_number, user_phone_number, user_avatar, user_address, user_level, user_score, is_dismissed, is_certified, user_real_name, user_college, user_class, user_campus_card_avatar, user_evaluate_score, is_beginner, gmt_create, gmt_modified from trade_user
2021-11-27 12:26:46,632 [DEBUG] default-thread-7 com.qzx.secondhand.mapper.TradeUserMapper.selectall [BaseJdbcLogger.java : 137] ==>  Preparing: select user_id, user_wx_open_id, user_mail, user_password, user_sex, user_name, user_campus_card_number, user_wx_number, user_phone_number, user_avatar, user_address, user_level, user_score, is_dismissed, is_certified, user_real_name, user_college, user_class, user_campus_card_avatar, user_evaluate_score, is_beginner, gmt_create, gmt_modified from trade_user
2021-11-27 12:26:46,632 [DEBUG] default-thread-1 com.qzx.secondhand.mapper.TradeUserMapper.selectall [BaseJdbcLogger.java : 137] ==>  Preparing: select user_id, user_wx_open_id, user_mail, user_password, user_sex, user_name, user_campus_card_number, user_wx_number, user_phone_number, user_avatar, user_address, user_level, user_score, is_dismissed, is_certified, user_real_name, user_college, user_class, user_campus_card_avatar, user_evaluate_score, is_beginner, gmt_create, gmt_modified from trade_user
2021-11-27 12:26:46,724 [DEBUG] default-thread-1 com.qzx.secondhand.mapper.TradeUserMapper.selectall [BaseJdbcLogger.java : 137] ==> Parameters: 
2021-11-27 12:26:46,724 [DEBUG] default-thread-2 com.qzx.secondhand.mapper.TradeUserMapper.selectall [BaseJdbcLogger.java : 137] ==> Parameters: 
2021-11-27 12:26:46,724 [DEBUG] default-thread-6 com.qzx.secondhand.mapper.TradeUserMapper.selectall [BaseJdbcLogger.java : 137] ==> Parameters: 
2021-11-27 12:26:46,724 [DEBUG] default-thread-9 com.qzx.secondhand.mapper.TradeUserMapper.selectall [BaseJdbcLogger.java : 137] ==> Parameters: 
2021-11-27 12:26:46,724 [DEBUG] default-thread-7 com.qzx.secondhand.mapper.TradeUserMapper.selectall [BaseJdbcLogger.java : 137] ==> Parameters: 
2021-11-27 12:26:46,861 [DEBUG] default-thread-8 com.qzx.secondhand.mapper.TradeUserMapper.selectall [BaseJdbcLogger.java : 137] ==>  Preparing: select user_id, user_wx_open_id, user_mail, user_password, user_sex, user_name, user_campus_card_number, user_wx_number, user_phone_number, user_avatar, user_address, user_level, user_score, is_dismissed, is_certified, user_real_name, user_college, user_class, user_campus_card_avatar, user_evaluate_score, is_beginner, gmt_create, gmt_modified from trade_user
2021-11-27 12:26:46,862 [DEBUG] default-thread-8 com.qzx.secondhand.mapper.TradeUserMapper.selectall [BaseJdbcLogger.java : 137] ==> Parameters: 
2021-11-27 12:26:47,328 [DEBUG] default-thread-10 com.qzx.secondhand.mapper.TradeUserMapper.selectall [BaseJdbcLogger.java : 137] ==>  Preparing: select user_id, user_wx_open_id, user_mail, user_password, user_sex, user_name, user_campus_card_number, user_wx_number, user_phone_number, user_avatar, user_address, user_level, user_score, is_dismissed, is_certified, user_real_name, user_college, user_class, user_campus_card_avatar, user_evaluate_score, is_beginner, gmt_create, gmt_modified from trade_user
2021-11-27 12:26:47,329 [DEBUG] default-thread-10 com.qzx.secondhand.mapper.TradeUserMapper.selectall [BaseJdbcLogger.java : 137] ==> Parameters: 
2021-11-27 12:26:47,590 [DEBUG] default-thread-4 com.qzx.secondhand.mapper.TradeUserMapper.selectall [BaseJdbcLogger.java : 137] ==>  Preparing: select user_id, user_wx_open_id, user_mail, user_password, user_sex, user_name, user_campus_card_number, user_wx_number, user_phone_number, user_avatar, user_address, user_level, user_score, is_dismissed, is_certified, user_real_name, user_college, user_class, user_campus_card_avatar, user_evaluate_score, is_beginner, gmt_create, gmt_modified from trade_user
2021-11-27 12:26:47,591 [DEBUG] default-thread-4 com.qzx.secondhand.mapper.TradeUserMapper.selectall [BaseJdbcLogger.java : 137] ==> Parameters: 
2021-11-27 12:26:47,815 [DEBUG] default-thread-3 com.qzx.secondhand.mapper.TradeUserMapper.selectall [BaseJdbcLogger.java : 137] ==>  Preparing: select user_id, user_wx_open_id, user_mail, user_password, user_sex, user_name, user_campus_card_number, user_wx_number, user_phone_number, user_avatar, user_address, user_level, user_score, is_dismissed, is_certified, user_real_name, user_college, user_class, user_campus_card_avatar, user_evaluate_score, is_beginner, gmt_create, gmt_modified from trade_user
2021-11-27 12:26:47,815 [DEBUG] default-thread-3 com.qzx.secondhand.mapper.TradeUserMapper.selectall [BaseJdbcLogger.java : 137] ==> Parameters: 
2021-11-27 12:26:48,034 [DEBUG] default-thread-5 com.qzx.secondhand.mapper.TradeUserMapper.selectall [BaseJdbcLogger.java : 137] ==>  Preparing: select user_id, user_wx_open_id, user_mail, user_password, user_sex, user_name, user_campus_card_number, user_wx_number, user_phone_number, user_avatar, user_address, user_level, user_score, is_dismissed, is_certified, user_real_name, user_college, user_class, user_campus_card_avatar, user_evaluate_score, is_beginner, gmt_create, gmt_modified from trade_user
2021-11-27 12:26:48,034 [DEBUG] default-thread-5 com.qzx.secondhand.mapper.TradeUserMapper.selectall [BaseJdbcLogger.java : 137] ==> Parameters: 
2021-11-27 12:27:00,090 [DEBUG] default-thread-7 com.qzx.secondhand.mapper.TradeUserMapper.selectall [BaseJdbcLogger.java : 137] <==      Total: 4772
2021-11-27 12:27:01,097 [DEBUG] default-thread-3 com.qzx.secondhand.mapper.TradeUserMapper.selectall [BaseJdbcLogger.java : 137] <==      Total: 4772
2021-11-27 12:27:01,867 [DEBUG] default-thread-1 com.qzx.secondhand.mapper.TradeUserMapper.selectall [BaseJdbcLogger.java : 137] <==      Total: 4772
2021-11-27 12:27:02,259 [DEBUG] default-thread-9 com.qzx.secondhand.mapper.TradeUserMapper.selectall [BaseJdbcLogger.java : 137] <==      Total: 4772
2021-11-27 12:27:02,398 [DEBUG] default-thread-6 com.qzx.secondhand.mapper.TradeUserMapper.selectall [BaseJdbcLogger.java : 137] <==      Total: 4772
2021-11-27 12:27:02,492 [DEBUG] default-thread-5 com.qzx.secondhand.mapper.TradeUserMapper.selectall [BaseJdbcLogger.java : 137] <==      Total: 4772
2021-11-27 12:27:02,946 [DEBUG] default-thread-2 com.qzx.secondhand.mapper.TradeUserMapper.selectall [BaseJdbcLogger.java : 137] <==      Total: 4772
2021-11-27 12:27:03,073 [DEBUG] default-thread-4 com.qzx.secondhand.mapper.TradeUserMapper.selectall [BaseJdbcLogger.java : 137] <==      Total: 4772
2021-11-27 12:27:03,322 [DEBUG] default-thread-8 com.qzx.secondhand.mapper.TradeUserMapper.selectall [BaseJdbcLogger.java : 137] <==      Total: 4772
2021-11-27 12:27:03,424 [DEBUG] default-thread-10 com.qzx.secondhand.mapper.TradeUserMapper.selectall [BaseJdbcLogger.java : 137] <==      Total: 4772
2021-11-27 12:27:12,313 [INFO ] Thread-5 com.alibaba.druid.pool.DruidDataSource [DruidDataSource.java : 1948] {dataSource-1} closing ...
2021-11-27 12:27:12,325 [INFO ] Thread-5 com.alibaba.druid.pool.DruidDataSource [DruidDataSource.java : 2020] {dataSource-1} closed
2021-11-27 12:27:12,410 [INFO ] restartedMain com.qzx.secondhand.SecondhandApplication [StartupInfoLogger.java : 55] Starting SecondhandApplication using Java 11 on DESKTOP-MVLN807 with PID 31624 (F:\aaa\后端开发\3.java\code\secondhand\target\classes started by 14522 in F:\aaa\后端开发\3.java\code\secondhand)
2021-11-27 12:27:12,410 [INFO ] restartedMain com.qzx.secondhand.SecondhandApplication [SpringApplication.java : 639] The following profiles are active: dev
2021-11-27 12:27:12,547 [INFO ] restartedMain o.s.data.repository.config.RepositoryConfigurationDelegate [RepositoryConfigurationDelegate.java : 262] Multiple Spring Data modules found, entering strict repository configuration mode!
2021-11-27 12:27:12,547 [INFO ] restartedMain o.s.data.repository.config.RepositoryConfigurationDelegate [RepositoryConfigurationDelegate.java : 132] Bootstrapping Spring Data Redis repositories in DEFAULT mode.
2021-11-27 12:27:12,549 [INFO ] restartedMain o.s.data.repository.config.RepositoryConfigurationDelegate [RepositoryConfigurationDelegate.java : 201] Finished Spring Data repository scanning in 1 ms. Found 0 Redis repository interfaces.
2021-11-27 12:27:12,584 [INFO ] restartedMain o.s.c.s.PostProcessorRegistrationDelegate$BeanPostProcessorChecker [PostProcessorRegistrationDelegate.java : 376] Bean 'thread.pool-com.qzx.secondhand.model.config.TaskThreadPoolConfig' of type [com.qzx.secondhand.model.config.TaskThreadPoolConfig] is not eligible for getting processed by all BeanPostProcessors (for example: not eligible for auto-proxying)
2021-11-27 12:27:12,585 [INFO ] restartedMain o.s.c.s.PostProcessorRegistrationDelegate$BeanPostProcessorChecker [PostProcessorRegistrationDelegate.java : 376] Bean 'defaultThreadPoolConfig' of type [com.qzx.secondhand.config.thread.DefaultThreadPoolConfig$$EnhancerBySpringCGLIB$$69409b4e] is not eligible for getting processed by all BeanPostProcessors (for example: not eligible for auto-proxying)
2021-11-27 12:27:12,587 [INFO ] restartedMain o.s.c.s.PostProcessorRegistrationDelegate$BeanPostProcessorChecker [PostProcessorRegistrationDelegate.java : 376] Bean 'com.alibaba.druid.spring.boot.autoconfigure.stat.DruidSpringAopConfiguration' of type [com.alibaba.druid.spring.boot.autoconfigure.stat.DruidSpringAopConfiguration] is not eligible for getting processed by all BeanPostProcessors (for example: not eligible for auto-proxying)
2021-11-27 12:27:12,595 [INFO ] restartedMain o.s.c.s.PostProcessorRegistrationDelegate$BeanPostProcessorChecker [PostProcessorRegistrationDelegate.java : 376] Bean 'spring.datasource.druid-com.alibaba.druid.spring.boot.autoconfigure.properties.DruidStatProperties' of type [com.alibaba.druid.spring.boot.autoconfigure.properties.DruidStatProperties] is not eligible for getting processed by all BeanPostProcessors (for example: not eligible for auto-proxying)
2021-11-27 12:27:12,595 [INFO ] restartedMain o.s.c.s.PostProcessorRegistrationDelegate$BeanPostProcessorChecker [PostProcessorRegistrationDelegate.java : 376] Bean 'advisor' of type [org.springframework.aop.support.RegexpMethodPointcutAdvisor] is not eligible for getting processed by all BeanPostProcessors (for example: not eligible for auto-proxying)
2021-11-27 12:27:12,631 [INFO ] restartedMain org.springframework.boot.web.embedded.tomcat.TomcatWebServer [TomcatWebServer.java : 108] Tomcat initialized with port(s): 8080 (http)
2021-11-27 12:27:12,632 [INFO ] restartedMain org.apache.coyote.http11.Http11NioProtocol [DirectJDKLog.java : 173] Initializing ProtocolHandler ["http-nio-8080"]
2021-11-27 12:27:12,632 [INFO ] restartedMain org.apache.catalina.core.StandardService [DirectJDKLog.java : 173] Starting service [Tomcat]
2021-11-27 12:27:12,633 [INFO ] restartedMain org.apache.catalina.core.StandardEngine [DirectJDKLog.java : 173] Starting Servlet engine: [Apache Tomcat/9.0.55]
2021-11-27 12:27:12,643 [INFO ] restartedMain o.a.catalina.core.ContainerBase.[Tomcat].[localhost].[/] [DirectJDKLog.java : 173] Initializing Spring embedded WebApplicationContext
2021-11-27 12:27:12,644 [INFO ] restartedMain o.s.b.web.servlet.context.ServletWebServerApplicationContext [ServletWebServerApplicationContext.java : 290] Root WebApplicationContext: initialization completed in 232 ms
2021-11-27 12:27:12,678 [INFO ] restartedMain c.a.d.spring.boot.autoconfigure.DruidDataSourceAutoConfigure [DruidDataSourceAutoConfigure.java : 56] Init DruidDataSource
2021-11-27 12:27:14,170 [INFO ] restartedMain com.alibaba.druid.pool.DruidDataSource [DruidDataSource.java : 1003] {dataSource-2} inited
2021-11-27 12:27:14,492 [INFO ] restartedMain o.s.boot.devtools.autoconfigure.OptionalLiveReloadServer [OptionalLiveReloadServer.java : 58] LiveReload server is running on port 35729
2021-11-27 12:27:14,603 [INFO ] restartedMain org.apache.coyote.http11.Http11NioProtocol [DirectJDKLog.java : 173] Starting ProtocolHandler ["http-nio-8080"]
2021-11-27 12:27:14,605 [INFO ] restartedMain org.springframework.boot.web.embedded.tomcat.TomcatWebServer [TomcatWebServer.java : 220] Tomcat started on port(s): 8080 (http) with context path ''
2021-11-27 12:27:14,613 [INFO ] restartedMain com.qzx.secondhand.SecondhandApplication [StartupInfoLogger.java : 61] Started SecondhandApplication in 2.234 seconds (JVM running for 34.002)
2021-11-27 12:27:14,617 [INFO ] restartedMain o.s.b.d.a.ConditionEvaluationDeltaLoggingListener [ConditionEvaluationDeltaLoggingListener.java : 63] Condition evaluation unchanged
2021-11-27 12:27:15,718 [INFO ] SpringApplicationShutdownHook com.alibaba.druid.pool.DruidDataSource [DruidDataSource.java : 1948] {dataSource-2} closing ...
2021-11-27 12:27:15,719 [INFO ] SpringApplicationShutdownHook com.alibaba.druid.pool.DruidDataSource [DruidDataSource.java : 2020] {dataSource-2} closed
2021-11-27 12:27:19,947 [INFO ] restartedMain com.qzx.secondhand.SecondhandApplication [StartupInfoLogger.java : 55] Starting SecondhandApplication using Java 11 on DESKTOP-MVLN807 with PID 29464 (F:\aaa\后端开发\3.java\code\secondhand\target\classes started by 14522 in F:\aaa\后端开发\3.java\code\secondhand)
2021-11-27 12:27:19,948 [INFO ] restartedMain com.qzx.secondhand.SecondhandApplication [SpringApplication.java : 639] The following profiles are active: dev
2021-11-27 12:27:20,005 [INFO ] restartedMain o.s.boot.devtools.env.DevToolsPropertyDefaultsPostProcessor [DeferredLog.java : 255] Devtools property defaults active! Set 'spring.devtools.add-properties' to 'false' to disable
2021-11-27 12:27:20,006 [INFO ] restartedMain o.s.boot.devtools.env.DevToolsPropertyDefaultsPostProcessor [DeferredLog.java : 255] For additional web related logging consider setting the 'logging.level.web' property to 'DEBUG'
2021-11-27 12:27:20,607 [INFO ] restartedMain o.s.data.repository.config.RepositoryConfigurationDelegate [RepositoryConfigurationDelegate.java : 262] Multiple Spring Data modules found, entering strict repository configuration mode!
2021-11-27 12:27:20,608 [INFO ] restartedMain o.s.data.repository.config.RepositoryConfigurationDelegate [RepositoryConfigurationDelegate.java : 132] Bootstrapping Spring Data Redis repositories in DEFAULT mode.
2021-11-27 12:27:20,623 [INFO ] restartedMain o.s.data.repository.config.RepositoryConfigurationDelegate [RepositoryConfigurationDelegate.java : 201] Finished Spring Data repository scanning in 4 ms. Found 0 Redis repository interfaces.
2021-11-27 12:27:20,811 [INFO ] restartedMain o.s.c.s.PostProcessorRegistrationDelegate$BeanPostProcessorChecker [PostProcessorRegistrationDelegate.java : 376] Bean 'thread.pool-com.qzx.secondhand.model.config.TaskThreadPoolConfig' of type [com.qzx.secondhand.model.config.TaskThreadPoolConfig] is not eligible for getting processed by all BeanPostProcessors (for example: not eligible for auto-proxying)
2021-11-27 12:27:20,812 [INFO ] restartedMain o.s.c.s.PostProcessorRegistrationDelegate$BeanPostProcessorChecker [PostProcessorRegistrationDelegate.java : 376] Bean 'defaultThreadPoolConfig' of type [com.qzx.secondhand.config.thread.DefaultThreadPoolConfig$$EnhancerBySpringCGLIB$$577ea35a] is not eligible for getting processed by all BeanPostProcessors (for example: not eligible for auto-proxying)
2021-11-27 12:27:20,820 [INFO ] restartedMain o.s.c.s.PostProcessorRegistrationDelegate$BeanPostProcessorChecker [PostProcessorRegistrationDelegate.java : 376] Bean 'com.alibaba.druid.spring.boot.autoconfigure.stat.DruidSpringAopConfiguration' of type [com.alibaba.druid.spring.boot.autoconfigure.stat.DruidSpringAopConfiguration] is not eligible for getting processed by all BeanPostProcessors (for example: not eligible for auto-proxying)
2021-11-27 12:27:20,862 [INFO ] restartedMain o.s.c.s.PostProcessorRegistrationDelegate$BeanPostProcessorChecker [PostProcessorRegistrationDelegate.java : 376] Bean 'spring.datasource.druid-com.alibaba.druid.spring.boot.autoconfigure.properties.DruidStatProperties' of type [com.alibaba.druid.spring.boot.autoconfigure.properties.DruidStatProperties] is not eligible for getting processed by all BeanPostProcessors (for example: not eligible for auto-proxying)
2021-11-27 12:27:20,866 [INFO ] restartedMain o.s.c.s.PostProcessorRegistrationDelegate$BeanPostProcessorChecker [PostProcessorRegistrationDelegate.java : 376] Bean 'advisor' of type [org.springframework.aop.support.RegexpMethodPointcutAdvisor] is not eligible for getting processed by all BeanPostProcessors (for example: not eligible for auto-proxying)
2021-11-27 12:27:21,087 [INFO ] restartedMain org.springframework.boot.web.embedded.tomcat.TomcatWebServer [TomcatWebServer.java : 108] Tomcat initialized with port(s): 8080 (http)
2021-11-27 12:27:21,093 [INFO ] restartedMain org.apache.coyote.http11.Http11NioProtocol [DirectJDKLog.java : 173] Initializing ProtocolHandler ["http-nio-8080"]
2021-11-27 12:27:21,094 [INFO ] restartedMain org.apache.catalina.core.StandardService [DirectJDKLog.java : 173] Starting service [Tomcat]
2021-11-27 12:27:21,094 [INFO ] restartedMain org.apache.catalina.core.StandardEngine [DirectJDKLog.java : 173] Starting Servlet engine: [Apache Tomcat/9.0.55]
2021-11-27 12:27:21,151 [INFO ] restartedMain o.a.catalina.core.ContainerBase.[Tomcat].[localhost].[/] [DirectJDKLog.java : 173] Initializing Spring embedded WebApplicationContext
2021-11-27 12:27:21,152 [INFO ] restartedMain o.s.b.web.servlet.context.ServletWebServerApplicationContext [ServletWebServerApplicationContext.java : 290] Root WebApplicationContext: initialization completed in 1145 ms
2021-11-27 12:27:21,273 [INFO ] restartedMain c.a.d.spring.boot.autoconfigure.DruidDataSourceAutoConfigure [DruidDataSourceAutoConfigure.java : 56] Init DruidDataSource
2021-11-27 12:27:22,816 [INFO ] restartedMain com.alibaba.druid.pool.DruidDataSource [DruidDataSource.java : 1003] {dataSource-1} inited
2021-11-27 12:27:23,387 [INFO ] restartedMain o.s.boot.devtools.autoconfigure.OptionalLiveReloadServer [OptionalLiveReloadServer.java : 58] LiveReload server is running on port 35729
2021-11-27 12:27:23,446 [INFO ] restartedMain org.apache.coyote.http11.Http11NioProtocol [DirectJDKLog.java : 173] Starting ProtocolHandler ["http-nio-8080"]
2021-11-27 12:27:23,469 [INFO ] restartedMain org.springframework.boot.web.embedded.tomcat.TomcatWebServer [TomcatWebServer.java : 220] Tomcat started on port(s): 8080 (http) with context path ''
2021-11-27 12:27:23,486 [INFO ] restartedMain com.qzx.secondhand.SecondhandApplication [StartupInfoLogger.java : 61] Started SecondhandApplication in 4.081 seconds (JVM running for 4.897)
2021-11-27 12:27:35,368 [INFO ] http-nio-8080-exec-1 o.a.catalina.core.ContainerBase.[Tomcat].[localhost].[/] [DirectJDKLog.java : 173] Initializing Spring DispatcherServlet 'dispatcherServlet'
2021-11-27 12:27:35,369 [INFO ] http-nio-8080-exec-1 org.springframework.web.servlet.DispatcherServlet [FrameworkServlet.java : 525] Initializing Servlet 'dispatcherServlet'
2021-11-27 12:27:35,370 [INFO ] http-nio-8080-exec-1 org.springframework.web.servlet.DispatcherServlet [FrameworkServlet.java : 547] Completed initialization in 1 ms
2021-11-27 12:27:35,418 [DEBUG] default-thread-9 com.qzx.secondhand.mapper.TradeUserMapper.selectall [BaseJdbcLogger.java : 137] ==>  Preparing: select user_id, user_wx_open_id, user_mail, user_password, user_sex, user_name, user_campus_card_number, user_wx_number, user_phone_number, user_avatar, user_address, user_level, user_score, is_dismissed, is_certified, user_real_name, user_college, user_class, user_campus_card_avatar, user_evaluate_score, is_beginner, gmt_create, gmt_modified from trade_user
2021-11-27 12:27:35,418 [DEBUG] default-thread-7 com.qzx.secondhand.mapper.TradeUserMapper.selectall [BaseJdbcLogger.java : 137] ==>  Preparing: select user_id, user_wx_open_id, user_mail, user_password, user_sex, user_name, user_campus_card_number, user_wx_number, user_phone_number, user_avatar, user_address, user_level, user_score, is_dismissed, is_certified, user_real_name, user_college, user_class, user_campus_card_avatar, user_evaluate_score, is_beginner, gmt_create, gmt_modified from trade_user
2021-11-27 12:27:35,418 [DEBUG] default-thread-4 com.qzx.secondhand.mapper.TradeUserMapper.selectall [BaseJdbcLogger.java : 137] ==>  Preparing: select user_id, user_wx_open_id, user_mail, user_password, user_sex, user_name, user_campus_card_number, user_wx_number, user_phone_number, user_avatar, user_address, user_level, user_score, is_dismissed, is_certified, user_real_name, user_college, user_class, user_campus_card_avatar, user_evaluate_score, is_beginner, gmt_create, gmt_modified from trade_user
2021-11-27 12:27:35,418 [DEBUG] default-thread-1 com.qzx.secondhand.mapper.TradeUserMapper.selectall [BaseJdbcLogger.java : 137] ==>  Preparing: select user_id, user_wx_open_id, user_mail, user_password, user_sex, user_name, user_campus_card_number, user_wx_number, user_phone_number, user_avatar, user_address, user_level, user_score, is_dismissed, is_certified, user_real_name, user_college, user_class, user_campus_card_avatar, user_evaluate_score, is_beginner, gmt_create, gmt_modified from trade_user
2021-11-27 12:27:35,418 [DEBUG] default-thread-5 com.qzx.secondhand.mapper.TradeUserMapper.selectall [BaseJdbcLogger.java : 137] ==>  Preparing: select user_id, user_wx_open_id, user_mail, user_password, user_sex, user_name, user_campus_card_number, user_wx_number, user_phone_number, user_avatar, user_address, user_level, user_score, is_dismissed, is_certified, user_real_name, user_college, user_class, user_campus_card_avatar, user_evaluate_score, is_beginner, gmt_create, gmt_modified from trade_user
2021-11-27 12:27:35,505 [DEBUG] default-thread-4 com.qzx.secondhand.mapper.TradeUserMapper.selectall [BaseJdbcLogger.java : 137] ==> Parameters: 
2021-11-27 12:27:35,505 [DEBUG] default-thread-7 com.qzx.secondhand.mapper.TradeUserMapper.selectall [BaseJdbcLogger.java : 137] ==> Parameters: 
2021-11-27 12:27:35,505 [DEBUG] default-thread-1 com.qzx.secondhand.mapper.TradeUserMapper.selectall [BaseJdbcLogger.java : 137] ==> Parameters: 
2021-11-27 12:27:35,505 [DEBUG] default-thread-9 com.qzx.secondhand.mapper.TradeUserMapper.selectall [BaseJdbcLogger.java : 137] ==> Parameters: 
2021-11-27 12:27:35,505 [DEBUG] default-thread-5 com.qzx.secondhand.mapper.TradeUserMapper.selectall [BaseJdbcLogger.java : 137] ==> Parameters: 
2021-11-27 12:27:35,650 [DEBUG] default-thread-3 com.qzx.secondhand.mapper.TradeUserMapper.selectall [BaseJdbcLogger.java : 137] ==>  Preparing: select user_id, user_wx_open_id, user_mail, user_password, user_sex, user_name, user_campus_card_number, user_wx_number, user_phone_number, user_avatar, user_address, user_level, user_score, is_dismissed, is_certified, user_real_name, user_college, user_class, user_campus_card_avatar, user_evaluate_score, is_beginner, gmt_create, gmt_modified from trade_user
2021-11-27 12:27:35,651 [DEBUG] default-thread-3 com.qzx.secondhand.mapper.TradeUserMapper.selectall [BaseJdbcLogger.java : 137] ==> Parameters: 
2021-11-27 12:27:36,149 [DEBUG] default-thread-8 com.qzx.secondhand.mapper.TradeUserMapper.selectall [BaseJdbcLogger.java : 137] ==>  Preparing: select user_id, user_wx_open_id, user_mail, user_password, user_sex, user_name, user_campus_card_number, user_wx_number, user_phone_number, user_avatar, user_address, user_level, user_score, is_dismissed, is_certified, user_real_name, user_college, user_class, user_campus_card_avatar, user_evaluate_score, is_beginner, gmt_create, gmt_modified from trade_user
2021-11-27 12:27:36,150 [DEBUG] default-thread-8 com.qzx.secondhand.mapper.TradeUserMapper.selectall [BaseJdbcLogger.java : 137] ==> Parameters: 
2021-11-27 12:27:36,406 [DEBUG] default-thread-6 com.qzx.secondhand.mapper.TradeUserMapper.selectall [BaseJdbcLogger.java : 137] ==>  Preparing: select user_id, user_wx_open_id, user_mail, user_password, user_sex, user_name, user_campus_card_number, user_wx_number, user_phone_number, user_avatar, user_address, user_level, user_score, is_dismissed, is_certified, user_real_name, user_college, user_class, user_campus_card_avatar, user_evaluate_score, is_beginner, gmt_create, gmt_modified from trade_user
2021-11-27 12:27:36,407 [DEBUG] default-thread-6 com.qzx.secondhand.mapper.TradeUserMapper.selectall [BaseJdbcLogger.java : 137] ==> Parameters: 
2021-11-27 12:27:36,635 [DEBUG] default-thread-2 com.qzx.secondhand.mapper.TradeUserMapper.selectall [BaseJdbcLogger.java : 137] ==>  Preparing: select user_id, user_wx_open_id, user_mail, user_password, user_sex, user_name, user_campus_card_number, user_wx_number, user_phone_number, user_avatar, user_address, user_level, user_score, is_dismissed, is_certified, user_real_name, user_college, user_class, user_campus_card_avatar, user_evaluate_score, is_beginner, gmt_create, gmt_modified from trade_user
2021-11-27 12:27:36,635 [DEBUG] default-thread-2 com.qzx.secondhand.mapper.TradeUserMapper.selectall [BaseJdbcLogger.java : 137] ==> Parameters: 
2021-11-27 12:27:36,861 [DEBUG] default-thread-10 com.qzx.secondhand.mapper.TradeUserMapper.selectall [BaseJdbcLogger.java : 137] ==>  Preparing: select user_id, user_wx_open_id, user_mail, user_password, user_sex, user_name, user_campus_card_number, user_wx_number, user_phone_number, user_avatar, user_address, user_level, user_score, is_dismissed, is_certified, user_real_name, user_college, user_class, user_campus_card_avatar, user_evaluate_score, is_beginner, gmt_create, gmt_modified from trade_user
2021-11-27 12:27:36,862 [DEBUG] default-thread-10 com.qzx.secondhand.mapper.TradeUserMapper.selectall [BaseJdbcLogger.java : 137] ==> Parameters: 
2021-11-27 12:27:46,945 [DEBUG] default-thread-4 com.qzx.secondhand.mapper.TradeUserMapper.selectall [BaseJdbcLogger.java : 137] <==      Total: 4772
2021-11-27 12:27:49,227 [DEBUG] default-thread-3 com.qzx.secondhand.mapper.TradeUserMapper.selectall [BaseJdbcLogger.java : 137] <==      Total: 4772
2021-11-27 12:27:49,304 [DEBUG] default-thread-9 com.qzx.secondhand.mapper.TradeUserMapper.selectall [BaseJdbcLogger.java : 137] <==      Total: 4772
2021-11-27 12:27:49,425 [DEBUG] default-thread-5 com.qzx.secondhand.mapper.TradeUserMapper.selectall [BaseJdbcLogger.java : 137] <==      Total: 4772
2021-11-27 12:27:50,910 [DEBUG] default-thread-1 com.qzx.secondhand.mapper.TradeUserMapper.selectall [BaseJdbcLogger.java : 137] <==      Total: 4772
2021-11-27 12:27:51,132 [DEBUG] default-thread-8 com.qzx.secondhand.mapper.TradeUserMapper.selectall [BaseJdbcLogger.java : 137] <==      Total: 4772
2021-11-27 12:27:51,384 [DEBUG] default-thread-6 com.qzx.secondhand.mapper.TradeUserMapper.selectall [BaseJdbcLogger.java : 137] <==      Total: 4772
2021-11-27 12:27:51,687 [DEBUG] default-thread-10 com.qzx.secondhand.mapper.TradeUserMapper.selectall [BaseJdbcLogger.java : 137] <==      Total: 4772
2021-11-27 12:27:51,722 [DEBUG] default-thread-2 com.qzx.secondhand.mapper.TradeUserMapper.selectall [BaseJdbcLogger.java : 137] <==      Total: 4772
2021-11-27 12:27:52,664 [DEBUG] default-thread-7 com.qzx.secondhand.mapper.TradeUserMapper.selectall [BaseJdbcLogger.java : 137] <==      Total: 4772
