2021-12-07 10:47:10,359 [INFO ] restartedMain com.qzx.secondhand.SecondhandApplication [StartupInfoLogger.java : 55] Starting SecondhandApplication using Java 11 on DESKTOP-MVLN807 with PID 9108 (F:\aaa\后端开发\3.java\code\secondhand\target\classes started by 14522 in F:\aaa\后端开发\3.java\code\secondhand)
2021-12-07 10:47:10,362 [INFO ] restartedMain com.qzx.secondhand.SecondhandApplication [SpringApplication.java : 639] The following profiles are active: dev
2021-12-07 10:47:10,397 [INFO ] restartedMain o.s.boot.devtools.env.DevToolsPropertyDefaultsPostProcessor [DeferredLog.java : 255] Devtools property defaults active! Set 'spring.devtools.add-properties' to 'false' to disable
2021-12-07 10:47:10,397 [INFO ] restartedMain o.s.boot.devtools.env.DevToolsPropertyDefaultsPostProcessor [DeferredLog.java : 255] For additional web related logging consider setting the 'logging.level.web' property to 'DEBUG'
2021-12-07 10:47:11,203 [INFO ] restartedMain o.s.data.repository.config.RepositoryConfigurationDelegate [RepositoryConfigurationDelegate.java : 262] Multiple Spring Data modules found, entering strict repository configuration mode!
2021-12-07 10:47:11,205 [INFO ] restartedMain o.s.data.repository.config.RepositoryConfigurationDelegate [RepositoryConfigurationDelegate.java : 132] Bootstrapping Spring Data Redis repositories in DEFAULT mode.
2021-12-07 10:47:11,223 [INFO ] restartedMain o.s.data.repository.config.RepositoryConfigurationDelegate [RepositoryConfigurationDelegate.java : 201] Finished Spring Data repository scanning in 7 ms. Found 0 Redis repository interfaces.
2021-12-07 10:47:11,441 [INFO ] restartedMain o.s.c.s.PostProcessorRegistrationDelegate$BeanPostProcessorChecker [PostProcessorRegistrationDelegate.java : 376] Bean 'thread.pool-com.qzx.secondhand.model.config.TaskThreadPoolConfig' of type [com.qzx.secondhand.model.config.TaskThreadPoolConfig] is not eligible for getting processed by all BeanPostProcessors (for example: not eligible for auto-proxying)
2021-12-07 10:47:11,442 [INFO ] restartedMain o.s.c.s.PostProcessorRegistrationDelegate$BeanPostProcessorChecker [PostProcessorRegistrationDelegate.java : 376] Bean 'defaultThreadPoolConfig' of type [com.qzx.secondhand.config.thread.DefaultThreadPoolConfig$$EnhancerBySpringCGLIB$$c493d6a6] is not eligible for getting processed by all BeanPostProcessors (for example: not eligible for auto-proxying)
2021-12-07 10:47:11,479 [INFO ] restartedMain o.s.c.s.PostProcessorRegistrationDelegate$BeanPostProcessorChecker [PostProcessorRegistrationDelegate.java : 376] Bean 'com.alibaba.druid.spring.boot.autoconfigure.stat.DruidSpringAopConfiguration' of type [com.alibaba.druid.spring.boot.autoconfigure.stat.DruidSpringAopConfiguration] is not eligible for getting processed by all BeanPostProcessors (for example: not eligible for auto-proxying)
2021-12-07 10:47:11,515 [INFO ] restartedMain o.s.c.s.PostProcessorRegistrationDelegate$BeanPostProcessorChecker [PostProcessorRegistrationDelegate.java : 376] Bean 'spring.datasource.druid-com.alibaba.druid.spring.boot.autoconfigure.properties.DruidStatProperties' of type [com.alibaba.druid.spring.boot.autoconfigure.properties.DruidStatProperties] is not eligible for getting processed by all BeanPostProcessors (for example: not eligible for auto-proxying)
2021-12-07 10:47:11,520 [INFO ] restartedMain o.s.c.s.PostProcessorRegistrationDelegate$BeanPostProcessorChecker [PostProcessorRegistrationDelegate.java : 376] Bean 'advisor' of type [org.springframework.aop.support.RegexpMethodPointcutAdvisor] is not eligible for getting processed by all BeanPostProcessors (for example: not eligible for auto-proxying)
2021-12-07 10:47:11,712 [INFO ] restartedMain org.springframework.boot.web.embedded.tomcat.TomcatWebServer [TomcatWebServer.java : 108] Tomcat initialized with port(s): 8080 (http)
2021-12-07 10:47:11,718 [INFO ] restartedMain org.apache.coyote.http11.Http11NioProtocol [DirectJDKLog.java : 173] Initializing ProtocolHandler ["http-nio-8080"]
2021-12-07 10:47:11,719 [INFO ] restartedMain org.apache.catalina.core.StandardService [DirectJDKLog.java : 173] Starting service [Tomcat]
2021-12-07 10:47:11,719 [INFO ] restartedMain org.apache.catalina.core.StandardEngine [DirectJDKLog.java : 173] Starting Servlet engine: [Apache Tomcat/9.0.55]
2021-12-07 10:47:11,772 [INFO ] restartedMain o.a.catalina.core.ContainerBase.[Tomcat].[localhost].[/] [DirectJDKLog.java : 173] Initializing Spring embedded WebApplicationContext
2021-12-07 10:47:11,772 [INFO ] restartedMain o.s.b.web.servlet.context.ServletWebServerApplicationContext [ServletWebServerApplicationContext.java : 290] Root WebApplicationContext: initialization completed in 1374 ms
2021-12-07 10:47:11,893 [INFO ] restartedMain c.a.d.spring.boot.autoconfigure.DruidDataSourceAutoConfigure [DruidDataSourceAutoConfigure.java : 56] Init DruidDataSource
2021-12-07 10:47:13,546 [INFO ] restartedMain com.alibaba.druid.pool.DruidDataSource [DruidDataSource.java : 1003] {dataSource-1} inited
2021-12-07 10:47:13,823 [INFO ] restartedMain o.s.b.f.annotation.AutowiredAnnotationBeanPostProcessor [AutowiredAnnotationBeanPostProcessor.java : 478] Autowired annotation is not supported on static fields: private static com.qzx.secondhand.model.config.JwtConfig com.qzx.secondhand.util.JwtUtils.jwtConfig1
2021-12-07 10:47:14,115 [INFO ] restartedMain o.s.boot.devtools.autoconfigure.OptionalLiveReloadServer [OptionalLiveReloadServer.java : 58] LiveReload server is running on port 35729
2021-12-07 10:47:14,505 [INFO ] restartedMain org.apache.coyote.http11.Http11NioProtocol [DirectJDKLog.java : 173] Starting ProtocolHandler ["http-nio-8080"]
2021-12-07 10:47:14,518 [INFO ] restartedMain org.springframework.boot.web.embedded.tomcat.TomcatWebServer [TomcatWebServer.java : 220] Tomcat started on port(s): 8080 (http) with context path ''
2021-12-07 10:47:14,724 [INFO ] restartedMain com.qzx.secondhand.SecondhandApplication [StartupInfoLogger.java : 61] Started SecondhandApplication in 4.847 seconds (JVM running for 6.094)
2021-12-07 10:48:00,179 [INFO ] http-nio-8080-exec-2 o.a.catalina.core.ContainerBase.[Tomcat].[localhost].[/] [DirectJDKLog.java : 173] Initializing Spring DispatcherServlet 'dispatcherServlet'
2021-12-07 10:48:00,180 [INFO ] http-nio-8080-exec-2 org.springframework.web.servlet.DispatcherServlet [FrameworkServlet.java : 525] Initializing Servlet 'dispatcherServlet'
2021-12-07 10:48:00,181 [INFO ] http-nio-8080-exec-2 org.springframework.web.servlet.DispatcherServlet [FrameworkServlet.java : 547] Completed initialization in 1 ms
2021-12-07 10:48:00,323 [DEBUG] http-nio-8080-exec-2 c.q.s.m.TradeDesireProductMapper.selectDesireProductVO_COUNT [BaseJdbcLogger.java : 137] ==>  Preparing: SELECT count(0) FROM trade_desire_product a1 LEFT JOIN trade_user a2 ON user_id = a1.product_publisher_id WHERE product_publisher_id = ?
2021-12-07 10:48:00,435 [DEBUG] http-nio-8080-exec-2 c.q.s.m.TradeDesireProductMapper.selectDesireProductVO_COUNT [BaseJdbcLogger.java : 137] ==> Parameters: 18(Long)
2021-12-07 10:48:00,484 [DEBUG] http-nio-8080-exec-2 c.q.s.m.TradeDesireProductMapper.selectDesireProductVO_COUNT [BaseJdbcLogger.java : 137] <==      Total: 1
2021-12-07 10:48:00,489 [DEBUG] http-nio-8080-exec-2 c.q.s.mapper.TradeDesireProductMapper.selectDesireProductVO [BaseJdbcLogger.java : 137] ==>  Preparing: select a1.id, a1.product_publisher_id, a1.product_name, a1.product_price, a1.product_state, a1.product_image, a1.product_release_time, a1.product_description, a1.product_scan_count, a1.product_address, a1.is_expired, a2.user_sex, a2.user_name, a2.user_wx_number, a2.user_phone_number, a2.user_avatar, a2.user_score, a2.is_certified from trade_desire_product a1 left join trade_user a2 on user_id = a1.product_publisher_id where product_publisher_id = ? order by a1.is_expired desc ,a1.product_release_time desc LIMIT ?
2021-12-07 10:48:00,494 [DEBUG] http-nio-8080-exec-2 c.q.s.mapper.TradeDesireProductMapper.selectDesireProductVO [BaseJdbcLogger.java : 137] ==> Parameters: 18(Long), 2(Integer)
2021-12-07 10:48:00,531 [DEBUG] http-nio-8080-exec-2 c.q.s.mapper.TradeDesireProductMapper.selectDesireProductVO [BaseJdbcLogger.java : 137] <==      Total: 2
2021-12-07 10:48:07,605 [DEBUG] http-nio-8080-exec-3 c.q.s.m.TradeDesireProductMapper.selectDesireProductVO_COUNT [BaseJdbcLogger.java : 137] ==>  Preparing: SELECT count(0) FROM trade_desire_product a1 LEFT JOIN trade_user a2 ON user_id = a1.product_publisher_id WHERE product_publisher_id = ?
2021-12-07 10:48:07,606 [DEBUG] http-nio-8080-exec-3 c.q.s.m.TradeDesireProductMapper.selectDesireProductVO_COUNT [BaseJdbcLogger.java : 137] ==> Parameters: 18(Long)
2021-12-07 10:48:07,638 [DEBUG] http-nio-8080-exec-3 c.q.s.m.TradeDesireProductMapper.selectDesireProductVO_COUNT [BaseJdbcLogger.java : 137] <==      Total: 1
2021-12-07 10:48:07,639 [DEBUG] http-nio-8080-exec-3 c.q.s.mapper.TradeDesireProductMapper.selectDesireProductVO [BaseJdbcLogger.java : 137] ==>  Preparing: select a1.id, a1.product_publisher_id, a1.product_name, a1.product_price, a1.product_state, a1.product_image, a1.product_release_time, a1.product_description, a1.product_scan_count, a1.product_address, a1.is_expired, a2.user_sex, a2.user_name, a2.user_wx_number, a2.user_phone_number, a2.user_avatar, a2.user_score, a2.is_certified from trade_desire_product a1 left join trade_user a2 on user_id = a1.product_publisher_id where product_publisher_id = ? order by a1.is_expired desc ,a1.product_release_time desc LIMIT ?
2021-12-07 10:48:07,640 [DEBUG] http-nio-8080-exec-3 c.q.s.mapper.TradeDesireProductMapper.selectDesireProductVO [BaseJdbcLogger.java : 137] ==> Parameters: 18(Long), 2(Integer)
2021-12-07 10:48:07,673 [DEBUG] http-nio-8080-exec-3 c.q.s.mapper.TradeDesireProductMapper.selectDesireProductVO [BaseJdbcLogger.java : 137] <==      Total: 2
2021-12-07 10:49:55,749 [DEBUG] http-nio-8080-exec-6 c.q.s.m.TradeCommodityMapper.updateByPrimaryKeySelective [BaseJdbcLogger.java : 137] ==>  Preparing: update trade_commodity SET commodity_state = ? where commodity_id = ?
2021-12-07 10:49:55,753 [DEBUG] http-nio-8080-exec-6 c.q.s.m.TradeCommodityMapper.updateByPrimaryKeySelective [BaseJdbcLogger.java : 137] ==> Parameters: 1(Byte), null
2021-12-07 10:49:55,814 [DEBUG] http-nio-8080-exec-6 c.q.s.m.TradeCommodityMapper.updateByPrimaryKeySelective [BaseJdbcLogger.java : 137] <==    Updates: 0
2021-12-07 11:04:07,783 [INFO ] SpringApplicationShutdownHook com.alibaba.druid.pool.DruidDataSource [DruidDataSource.java : 1948] {dataSource-1} closing ...
2021-12-07 11:04:07,785 [INFO ] SpringApplicationShutdownHook com.alibaba.druid.pool.DruidDataSource [DruidDataSource.java : 2020] {dataSource-1} closed
2021-12-07 11:04:16,675 [INFO ] restartedMain com.qzx.secondhand.SecondhandApplication [StartupInfoLogger.java : 55] Starting SecondhandApplication using Java 11 on DESKTOP-MVLN807 with PID 12148 (F:\aaa\后端开发\3.java\code\secondhand\target\classes started by 14522 in F:\aaa\后端开发\3.java\code\secondhand)
2021-12-07 11:04:16,677 [INFO ] restartedMain com.qzx.secondhand.SecondhandApplication [SpringApplication.java : 639] The following profiles are active: dev
2021-12-07 11:04:16,728 [INFO ] restartedMain o.s.boot.devtools.env.DevToolsPropertyDefaultsPostProcessor [DeferredLog.java : 255] Devtools property defaults active! Set 'spring.devtools.add-properties' to 'false' to disable
2021-12-07 11:04:16,728 [INFO ] restartedMain o.s.boot.devtools.env.DevToolsPropertyDefaultsPostProcessor [DeferredLog.java : 255] For additional web related logging consider setting the 'logging.level.web' property to 'DEBUG'
2021-12-07 11:04:18,657 [INFO ] restartedMain o.s.data.repository.config.RepositoryConfigurationDelegate [RepositoryConfigurationDelegate.java : 262] Multiple Spring Data modules found, entering strict repository configuration mode!
2021-12-07 11:04:18,661 [INFO ] restartedMain o.s.data.repository.config.RepositoryConfigurationDelegate [RepositoryConfigurationDelegate.java : 132] Bootstrapping Spring Data Redis repositories in DEFAULT mode.
2021-12-07 11:04:18,689 [INFO ] restartedMain o.s.data.repository.config.RepositoryConfigurationDelegate [RepositoryConfigurationDelegate.java : 201] Finished Spring Data repository scanning in 10 ms. Found 0 Redis repository interfaces.
2021-12-07 11:04:19,120 [INFO ] restartedMain o.s.c.s.PostProcessorRegistrationDelegate$BeanPostProcessorChecker [PostProcessorRegistrationDelegate.java : 376] Bean 'thread.pool-com.qzx.secondhand.model.config.TaskThreadPoolConfig' of type [com.qzx.secondhand.model.config.TaskThreadPoolConfig] is not eligible for getting processed by all BeanPostProcessors (for example: not eligible for auto-proxying)
2021-12-07 11:04:19,121 [INFO ] restartedMain o.s.c.s.PostProcessorRegistrationDelegate$BeanPostProcessorChecker [PostProcessorRegistrationDelegate.java : 376] Bean 'defaultThreadPoolConfig' of type [com.qzx.secondhand.config.thread.DefaultThreadPoolConfig$$EnhancerBySpringCGLIB$$f9e1a706] is not eligible for getting processed by all BeanPostProcessors (for example: not eligible for auto-proxying)
2021-12-07 11:04:19,131 [INFO ] restartedMain o.s.c.s.PostProcessorRegistrationDelegate$BeanPostProcessorChecker [PostProcessorRegistrationDelegate.java : 376] Bean 'com.alibaba.druid.spring.boot.autoconfigure.stat.DruidSpringAopConfiguration' of type [com.alibaba.druid.spring.boot.autoconfigure.stat.DruidSpringAopConfiguration] is not eligible for getting processed by all BeanPostProcessors (for example: not eligible for auto-proxying)
2021-12-07 11:04:19,193 [INFO ] restartedMain o.s.c.s.PostProcessorRegistrationDelegate$BeanPostProcessorChecker [PostProcessorRegistrationDelegate.java : 376] Bean 'spring.datasource.druid-com.alibaba.druid.spring.boot.autoconfigure.properties.DruidStatProperties' of type [com.alibaba.druid.spring.boot.autoconfigure.properties.DruidStatProperties] is not eligible for getting processed by all BeanPostProcessors (for example: not eligible for auto-proxying)
2021-12-07 11:04:19,201 [INFO ] restartedMain o.s.c.s.PostProcessorRegistrationDelegate$BeanPostProcessorChecker [PostProcessorRegistrationDelegate.java : 376] Bean 'advisor' of type [org.springframework.aop.support.RegexpMethodPointcutAdvisor] is not eligible for getting processed by all BeanPostProcessors (for example: not eligible for auto-proxying)
2021-12-07 11:04:19,481 [INFO ] restartedMain org.springframework.boot.web.embedded.tomcat.TomcatWebServer [TomcatWebServer.java : 108] Tomcat initialized with port(s): 8080 (http)
2021-12-07 11:04:19,492 [INFO ] restartedMain org.apache.coyote.http11.Http11NioProtocol [DirectJDKLog.java : 173] Initializing ProtocolHandler ["http-nio-8080"]
2021-12-07 11:04:19,493 [INFO ] restartedMain org.apache.catalina.core.StandardService [DirectJDKLog.java : 173] Starting service [Tomcat]
2021-12-07 11:04:19,493 [INFO ] restartedMain org.apache.catalina.core.StandardEngine [DirectJDKLog.java : 173] Starting Servlet engine: [Apache Tomcat/9.0.55]
2021-12-07 11:04:19,617 [INFO ] restartedMain o.a.catalina.core.ContainerBase.[Tomcat].[localhost].[/] [DirectJDKLog.java : 173] Initializing Spring embedded WebApplicationContext
2021-12-07 11:04:19,618 [INFO ] restartedMain o.s.b.web.servlet.context.ServletWebServerApplicationContext [ServletWebServerApplicationContext.java : 290] Root WebApplicationContext: initialization completed in 2888 ms
2021-12-07 11:04:19,834 [INFO ] restartedMain c.a.d.spring.boot.autoconfigure.DruidDataSourceAutoConfigure [DruidDataSourceAutoConfigure.java : 56] Init DruidDataSource
2021-12-07 11:04:21,499 [INFO ] restartedMain com.alibaba.druid.pool.DruidDataSource [DruidDataSource.java : 1003] {dataSource-1} inited
2021-12-07 11:04:21,827 [INFO ] restartedMain o.s.b.f.annotation.AutowiredAnnotationBeanPostProcessor [AutowiredAnnotationBeanPostProcessor.java : 478] Autowired annotation is not supported on static fields: private static com.qzx.secondhand.model.config.JwtConfig com.qzx.secondhand.util.JwtUtils.jwtConfig1
2021-12-07 11:04:22,292 [INFO ] restartedMain o.s.boot.devtools.autoconfigure.OptionalLiveReloadServer [OptionalLiveReloadServer.java : 58] LiveReload server is running on port 35729
2021-12-07 11:04:22,863 [INFO ] restartedMain org.apache.coyote.http11.Http11NioProtocol [DirectJDKLog.java : 173] Starting ProtocolHandler ["http-nio-8080"]
2021-12-07 11:04:22,880 [INFO ] restartedMain org.springframework.boot.web.embedded.tomcat.TomcatWebServer [TomcatWebServer.java : 220] Tomcat started on port(s): 8080 (http) with context path ''
2021-12-07 11:04:23,242 [INFO ] restartedMain com.qzx.secondhand.SecondhandApplication [StartupInfoLogger.java : 61] Started SecondhandApplication in 7.067 seconds (JVM running for 8.966)
2021-12-07 11:05:33,527 [INFO ] http-nio-8080-exec-1 o.a.catalina.core.ContainerBase.[Tomcat].[localhost].[/] [DirectJDKLog.java : 173] Initializing Spring DispatcherServlet 'dispatcherServlet'
2021-12-07 11:05:33,528 [INFO ] http-nio-8080-exec-1 org.springframework.web.servlet.DispatcherServlet [FrameworkServlet.java : 525] Initializing Servlet 'dispatcherServlet'
2021-12-07 11:05:33,529 [INFO ] http-nio-8080-exec-1 org.springframework.web.servlet.DispatcherServlet [FrameworkServlet.java : 547] Completed initialization in 1 ms
2021-12-07 11:05:33,629 [DEBUG] http-nio-8080-exec-1 c.q.s.m.TradeCommodityMapper.updateByPrimaryKeySelective [BaseJdbcLogger.java : 137] ==>  Preparing: update trade_commodity SET commodity_state = ? where commodity_id = ?
2021-12-07 11:05:33,726 [DEBUG] http-nio-8080-exec-1 c.q.s.m.TradeCommodityMapper.updateByPrimaryKeySelective [BaseJdbcLogger.java : 137] ==> Parameters: 1(Byte), null
2021-12-07 11:05:33,787 [DEBUG] http-nio-8080-exec-1 c.q.s.m.TradeCommodityMapper.updateByPrimaryKeySelective [BaseJdbcLogger.java : 137] <==    Updates: 0
2021-12-07 11:05:36,667 [DEBUG] http-nio-8080-exec-3 c.q.s.m.TradeCommodityMapper.updateByPrimaryKeySelective [BaseJdbcLogger.java : 137] ==>  Preparing: update trade_commodity SET commodity_state = ? where commodity_id = ?
2021-12-07 11:05:36,668 [DEBUG] http-nio-8080-exec-3 c.q.s.m.TradeCommodityMapper.updateByPrimaryKeySelective [BaseJdbcLogger.java : 137] ==> Parameters: 1(Byte), null
2021-12-07 11:05:36,727 [DEBUG] http-nio-8080-exec-3 c.q.s.m.TradeCommodityMapper.updateByPrimaryKeySelective [BaseJdbcLogger.java : 137] <==    Updates: 0
2021-12-07 11:05:38,581 [DEBUG] http-nio-8080-exec-4 c.q.s.m.TradeCommodityMapper.updateByPrimaryKeySelective [BaseJdbcLogger.java : 137] ==>  Preparing: update trade_commodity SET commodity_state = ? where commodity_id = ?
2021-12-07 11:05:38,582 [DEBUG] http-nio-8080-exec-4 c.q.s.m.TradeCommodityMapper.updateByPrimaryKeySelective [BaseJdbcLogger.java : 137] ==> Parameters: 1(Byte), null
2021-12-07 11:05:38,897 [DEBUG] http-nio-8080-exec-4 c.q.s.m.TradeCommodityMapper.updateByPrimaryKeySelective [BaseJdbcLogger.java : 137] <==    Updates: 0
2021-12-07 11:06:59,482 [DEBUG] http-nio-8080-exec-7 c.q.s.m.TradeCommodityMapper.updateByPrimaryKeySelective [BaseJdbcLogger.java : 137] ==>  Preparing: update trade_commodity SET commodity_state = ? where commodity_id = ?
2021-12-07 11:06:59,488 [DEBUG] http-nio-8080-exec-7 c.q.s.m.TradeCommodityMapper.updateByPrimaryKeySelective [BaseJdbcLogger.java : 137] ==> Parameters: 1(Byte), null
2021-12-07 11:06:59,550 [DEBUG] http-nio-8080-exec-7 c.q.s.m.TradeCommodityMapper.updateByPrimaryKeySelective [BaseJdbcLogger.java : 137] <==    Updates: 0
2021-12-07 11:09:37,635 [DEBUG] http-nio-8080-exec-8 c.q.s.m.TradeCommodityMapper.updateByPrimaryKeySelective [BaseJdbcLogger.java : 137] ==>  Preparing: update trade_commodity SET commodity_state = ? where commodity_id = ?
2021-12-07 11:09:37,642 [DEBUG] http-nio-8080-exec-8 c.q.s.m.TradeCommodityMapper.updateByPrimaryKeySelective [BaseJdbcLogger.java : 137] ==> Parameters: 1(Byte), null
2021-12-07 11:09:37,704 [DEBUG] http-nio-8080-exec-8 c.q.s.m.TradeCommodityMapper.updateByPrimaryKeySelective [BaseJdbcLogger.java : 137] <==    Updates: 0
2021-12-07 11:10:49,045 [DEBUG] http-nio-8080-exec-9 c.q.s.m.TradeCommodityMapper.updateByPrimaryKeySelective [BaseJdbcLogger.java : 137] ==>  Preparing: update trade_commodity SET commodity_state = ? where commodity_id = ?
2021-12-07 11:10:49,058 [DEBUG] http-nio-8080-exec-9 c.q.s.m.TradeCommodityMapper.updateByPrimaryKeySelective [BaseJdbcLogger.java : 137] ==> Parameters: 1(Byte), null
2021-12-07 11:10:49,121 [DEBUG] http-nio-8080-exec-9 c.q.s.m.TradeCommodityMapper.updateByPrimaryKeySelective [BaseJdbcLogger.java : 137] <==    Updates: 0
2021-12-07 11:11:42,470 [INFO ] SpringApplicationShutdownHook com.alibaba.druid.pool.DruidDataSource [DruidDataSource.java : 1948] {dataSource-1} closing ...
2021-12-07 11:11:42,478 [INFO ] SpringApplicationShutdownHook com.alibaba.druid.pool.DruidDataSource [DruidDataSource.java : 2020] {dataSource-1} closed
2021-12-07 11:12:00,705 [INFO ] restartedMain com.qzx.secondhand.SecondhandApplication [StartupInfoLogger.java : 55] Starting SecondhandApplication using Java 11 on DESKTOP-MVLN807 with PID 12896 (F:\aaa\后端开发\3.java\code\secondhand\target\classes started by 14522 in F:\aaa\后端开发\3.java\code\secondhand)
2021-12-07 11:12:00,706 [INFO ] restartedMain com.qzx.secondhand.SecondhandApplication [SpringApplication.java : 639] The following profiles are active: dev
2021-12-07 11:12:00,768 [INFO ] restartedMain o.s.boot.devtools.env.DevToolsPropertyDefaultsPostProcessor [DeferredLog.java : 255] Devtools property defaults active! Set 'spring.devtools.add-properties' to 'false' to disable
2021-12-07 11:12:00,769 [INFO ] restartedMain o.s.boot.devtools.env.DevToolsPropertyDefaultsPostProcessor [DeferredLog.java : 255] For additional web related logging consider setting the 'logging.level.web' property to 'DEBUG'
2021-12-07 11:12:02,440 [INFO ] restartedMain o.s.data.repository.config.RepositoryConfigurationDelegate [RepositoryConfigurationDelegate.java : 262] Multiple Spring Data modules found, entering strict repository configuration mode!
2021-12-07 11:12:02,443 [INFO ] restartedMain o.s.data.repository.config.RepositoryConfigurationDelegate [RepositoryConfigurationDelegate.java : 132] Bootstrapping Spring Data Redis repositories in DEFAULT mode.
2021-12-07 11:12:02,473 [INFO ] restartedMain o.s.data.repository.config.RepositoryConfigurationDelegate [RepositoryConfigurationDelegate.java : 201] Finished Spring Data repository scanning in 13 ms. Found 0 Redis repository interfaces.
2021-12-07 11:12:03,077 [INFO ] restartedMain o.s.c.s.PostProcessorRegistrationDelegate$BeanPostProcessorChecker [PostProcessorRegistrationDelegate.java : 376] Bean 'thread.pool-com.qzx.secondhand.model.config.TaskThreadPoolConfig' of type [com.qzx.secondhand.model.config.TaskThreadPoolConfig] is not eligible for getting processed by all BeanPostProcessors (for example: not eligible for auto-proxying)
2021-12-07 11:12:03,078 [INFO ] restartedMain o.s.c.s.PostProcessorRegistrationDelegate$BeanPostProcessorChecker [PostProcessorRegistrationDelegate.java : 376] Bean 'defaultThreadPoolConfig' of type [com.qzx.secondhand.config.thread.DefaultThreadPoolConfig$$EnhancerBySpringCGLIB$$8822b698] is not eligible for getting processed by all BeanPostProcessors (for example: not eligible for auto-proxying)
2021-12-07 11:12:03,091 [INFO ] restartedMain o.s.c.s.PostProcessorRegistrationDelegate$BeanPostProcessorChecker [PostProcessorRegistrationDelegate.java : 376] Bean 'com.alibaba.druid.spring.boot.autoconfigure.stat.DruidSpringAopConfiguration' of type [com.alibaba.druid.spring.boot.autoconfigure.stat.DruidSpringAopConfiguration] is not eligible for getting processed by all BeanPostProcessors (for example: not eligible for auto-proxying)
2021-12-07 11:12:03,154 [INFO ] restartedMain o.s.c.s.PostProcessorRegistrationDelegate$BeanPostProcessorChecker [PostProcessorRegistrationDelegate.java : 376] Bean 'spring.datasource.druid-com.alibaba.druid.spring.boot.autoconfigure.properties.DruidStatProperties' of type [com.alibaba.druid.spring.boot.autoconfigure.properties.DruidStatProperties] is not eligible for getting processed by all BeanPostProcessors (for example: not eligible for auto-proxying)
2021-12-07 11:12:03,160 [INFO ] restartedMain o.s.c.s.PostProcessorRegistrationDelegate$BeanPostProcessorChecker [PostProcessorRegistrationDelegate.java : 376] Bean 'advisor' of type [org.springframework.aop.support.RegexpMethodPointcutAdvisor] is not eligible for getting processed by all BeanPostProcessors (for example: not eligible for auto-proxying)
2021-12-07 11:12:03,495 [INFO ] restartedMain org.springframework.boot.web.embedded.tomcat.TomcatWebServer [TomcatWebServer.java : 108] Tomcat initialized with port(s): 8080 (http)
2021-12-07 11:12:03,506 [INFO ] restartedMain org.apache.coyote.http11.Http11NioProtocol [DirectJDKLog.java : 173] Initializing ProtocolHandler ["http-nio-8080"]
2021-12-07 11:12:03,507 [INFO ] restartedMain org.apache.catalina.core.StandardService [DirectJDKLog.java : 173] Starting service [Tomcat]
2021-12-07 11:12:03,507 [INFO ] restartedMain org.apache.catalina.core.StandardEngine [DirectJDKLog.java : 173] Starting Servlet engine: [Apache Tomcat/9.0.55]
2021-12-07 11:12:03,572 [INFO ] restartedMain o.a.catalina.core.ContainerBase.[Tomcat].[localhost].[/] [DirectJDKLog.java : 173] Initializing Spring embedded WebApplicationContext
2021-12-07 11:12:03,572 [INFO ] restartedMain o.s.b.web.servlet.context.ServletWebServerApplicationContext [ServletWebServerApplicationContext.java : 290] Root WebApplicationContext: initialization completed in 2801 ms
2021-12-07 11:12:03,731 [INFO ] restartedMain c.a.d.spring.boot.autoconfigure.DruidDataSourceAutoConfigure [DruidDataSourceAutoConfigure.java : 56] Init DruidDataSource
2021-12-07 11:12:05,287 [INFO ] restartedMain com.alibaba.druid.pool.DruidDataSource [DruidDataSource.java : 1003] {dataSource-1} inited
2021-12-07 11:12:05,563 [INFO ] restartedMain o.s.b.f.annotation.AutowiredAnnotationBeanPostProcessor [AutowiredAnnotationBeanPostProcessor.java : 478] Autowired annotation is not supported on static fields: private static com.qzx.secondhand.model.config.JwtConfig com.qzx.secondhand.util.JwtUtils.jwtConfig1
2021-12-07 11:12:05,916 [INFO ] restartedMain o.s.boot.devtools.autoconfigure.OptionalLiveReloadServer [OptionalLiveReloadServer.java : 58] LiveReload server is running on port 35729
2021-12-07 11:12:06,361 [INFO ] restartedMain org.apache.coyote.http11.Http11NioProtocol [DirectJDKLog.java : 173] Starting ProtocolHandler ["http-nio-8080"]
2021-12-07 11:12:06,381 [INFO ] restartedMain org.springframework.boot.web.embedded.tomcat.TomcatWebServer [TomcatWebServer.java : 220] Tomcat started on port(s): 8080 (http) with context path ''
2021-12-07 11:12:06,622 [INFO ] restartedMain com.qzx.secondhand.SecondhandApplication [StartupInfoLogger.java : 61] Started SecondhandApplication in 6.659 seconds (JVM running for 7.703)
2021-12-07 11:12:16,268 [INFO ] http-nio-8080-exec-2 o.a.catalina.core.ContainerBase.[Tomcat].[localhost].[/] [DirectJDKLog.java : 173] Initializing Spring DispatcherServlet 'dispatcherServlet'
2021-12-07 11:12:16,269 [INFO ] http-nio-8080-exec-2 org.springframework.web.servlet.DispatcherServlet [FrameworkServlet.java : 525] Initializing Servlet 'dispatcherServlet'
2021-12-07 11:12:16,270 [INFO ] http-nio-8080-exec-2 org.springframework.web.servlet.DispatcherServlet [FrameworkServlet.java : 547] Completed initialization in 1 ms
2021-12-07 11:12:30,807 [DEBUG] http-nio-8080-exec-2 c.q.s.m.TradeCommodityMapper.updateByPrimaryKeySelective [BaseJdbcLogger.java : 137] ==>  Preparing: update trade_commodity SET commodity_state = ? where commodity_id = ?
2021-12-07 11:12:32,298 [DEBUG] http-nio-8080-exec-2 c.q.s.m.TradeCommodityMapper.updateByPrimaryKeySelective [BaseJdbcLogger.java : 137] ==> Parameters: 1(Byte), 1(Long)
2021-12-07 11:12:32,369 [DEBUG] http-nio-8080-exec-2 c.q.s.m.TradeCommodityMapper.updateByPrimaryKeySelective [BaseJdbcLogger.java : 137] <==    Updates: 1
2021-12-07 11:17:36,415 [DEBUG] http-nio-8080-exec-2 c.q.s.m.TradeCommodityMapper.updateByPrimaryKeySelective [BaseJdbcLogger.java : 137] ==>  Preparing: update trade_commodity SET commodity_state = ? where commodity_id = ?
2021-12-07 11:17:36,421 [DEBUG] http-nio-8080-exec-2 c.q.s.m.TradeCommodityMapper.updateByPrimaryKeySelective [BaseJdbcLogger.java : 137] ==> Parameters: 1(Byte), 1(Long)
2021-12-07 11:17:36,479 [DEBUG] http-nio-8080-exec-2 c.q.s.m.TradeCommodityMapper.updateByPrimaryKeySelective [BaseJdbcLogger.java : 137] <==    Updates: 1
2021-12-07 11:22:43,433 [DEBUG] http-nio-8080-exec-3 c.q.s.m.TradeCommodityMapper.updateByPrimaryKeySelective [BaseJdbcLogger.java : 137] ==>  Preparing: update trade_commodity SET commodity_state = ? where commodity_id = ?
2021-12-07 11:22:43,441 [DEBUG] http-nio-8080-exec-3 c.q.s.m.TradeCommodityMapper.updateByPrimaryKeySelective [BaseJdbcLogger.java : 137] ==> Parameters: 1(Byte), 1(Long)
2021-12-07 11:22:43,499 [DEBUG] http-nio-8080-exec-3 c.q.s.m.TradeCommodityMapper.updateByPrimaryKeySelective [BaseJdbcLogger.java : 137] <==    Updates: 1
2021-12-07 11:33:35,144 [DEBUG] http-nio-8080-exec-3 c.q.s.m.TradeCommodityMapper.updateByPrimaryKeySelective [BaseJdbcLogger.java : 137] ==>  Preparing: update trade_commodity SET commodity_state = ? where commodity_id = ?
2021-12-07 11:33:35,145 [DEBUG] http-nio-8080-exec-3 c.q.s.m.TradeCommodityMapper.updateByPrimaryKeySelective [BaseJdbcLogger.java : 137] ==> Parameters: 1(Byte), 1(Long)
2021-12-07 11:33:35,200 [DEBUG] http-nio-8080-exec-3 c.q.s.m.TradeCommodityMapper.updateByPrimaryKeySelective [BaseJdbcLogger.java : 137] <==    Updates: 1
2021-12-07 11:33:46,958 [DEBUG] http-nio-8080-exec-4 c.q.s.m.TradeCommodityMapper.updateByPrimaryKeySelective [BaseJdbcLogger.java : 137] ==>  Preparing: update trade_commodity SET commodity_state = ? where commodity_id = ?
2021-12-07 11:33:46,959 [DEBUG] http-nio-8080-exec-4 c.q.s.m.TradeCommodityMapper.updateByPrimaryKeySelective [BaseJdbcLogger.java : 137] ==> Parameters: 1(Byte), 1(Long)
2021-12-07 11:33:47,015 [DEBUG] http-nio-8080-exec-4 c.q.s.m.TradeCommodityMapper.updateByPrimaryKeySelective [BaseJdbcLogger.java : 137] <==    Updates: 1
2021-12-07 11:33:47,017 [DEBUG] http-nio-8080-exec-4 c.q.s.m.TradeCommodityMapper.updateByPrimaryKeySelective [BaseJdbcLogger.java : 137] ==>  Preparing: update trade_commodity SET commodity_state = ? where commodity_id = ?
2021-12-07 11:33:47,018 [DEBUG] http-nio-8080-exec-4 c.q.s.m.TradeCommodityMapper.updateByPrimaryKeySelective [BaseJdbcLogger.java : 137] ==> Parameters: 1(Byte), 1(Long)
2021-12-07 11:33:47,074 [DEBUG] http-nio-8080-exec-4 c.q.s.m.TradeCommodityMapper.updateByPrimaryKeySelective [BaseJdbcLogger.java : 137] <==    Updates: 1
2021-12-07 11:33:52,332 [DEBUG] http-nio-8080-exec-5 c.q.s.m.TradeCommodityMapper.updateByPrimaryKeySelective [BaseJdbcLogger.java : 137] ==>  Preparing: update trade_commodity SET commodity_state = ? where commodity_id = ?
2021-12-07 11:33:52,334 [DEBUG] http-nio-8080-exec-5 c.q.s.m.TradeCommodityMapper.updateByPrimaryKeySelective [BaseJdbcLogger.java : 137] ==> Parameters: 1(Byte), 5(Long)
2021-12-07 11:33:52,390 [DEBUG] http-nio-8080-exec-5 c.q.s.m.TradeCommodityMapper.updateByPrimaryKeySelective [BaseJdbcLogger.java : 137] <==    Updates: 1
2021-12-07 11:33:52,392 [DEBUG] http-nio-8080-exec-5 c.q.s.m.TradeCommodityMapper.updateByPrimaryKeySelective [BaseJdbcLogger.java : 137] ==>  Preparing: update trade_commodity SET commodity_state = ? where commodity_id = ?
2021-12-07 11:33:52,394 [DEBUG] http-nio-8080-exec-5 c.q.s.m.TradeCommodityMapper.updateByPrimaryKeySelective [BaseJdbcLogger.java : 137] ==> Parameters: 1(Byte), 5(Long)
2021-12-07 11:33:52,450 [DEBUG] http-nio-8080-exec-5 c.q.s.m.TradeCommodityMapper.updateByPrimaryKeySelective [BaseJdbcLogger.java : 137] <==    Updates: 1
2021-12-07 11:34:06,481 [DEBUG] http-nio-8080-exec-6 c.q.s.m.TradeCommodityMapper.updateByPrimaryKeySelective [BaseJdbcLogger.java : 137] ==>  Preparing: update trade_commodity SET commodity_state = ? where commodity_id = ?
2021-12-07 11:34:06,483 [DEBUG] http-nio-8080-exec-6 c.q.s.m.TradeCommodityMapper.updateByPrimaryKeySelective [BaseJdbcLogger.java : 137] ==> Parameters: 1(Byte), 3(Long)
2021-12-07 11:34:06,541 [DEBUG] http-nio-8080-exec-6 c.q.s.m.TradeCommodityMapper.updateByPrimaryKeySelective [BaseJdbcLogger.java : 137] <==    Updates: 1
2021-12-07 11:34:06,543 [DEBUG] http-nio-8080-exec-6 c.q.s.m.TradeCommodityMapper.updateByPrimaryKeySelective [BaseJdbcLogger.java : 137] ==>  Preparing: update trade_commodity SET commodity_state = ? where commodity_id = ?
2021-12-07 11:34:06,544 [DEBUG] http-nio-8080-exec-6 c.q.s.m.TradeCommodityMapper.updateByPrimaryKeySelective [BaseJdbcLogger.java : 137] ==> Parameters: 1(Byte), 3(Long)
2021-12-07 11:34:06,599 [DEBUG] http-nio-8080-exec-6 c.q.s.m.TradeCommodityMapper.updateByPrimaryKeySelective [BaseJdbcLogger.java : 137] <==    Updates: 1
2021-12-07 11:34:18,418 [DEBUG] http-nio-8080-exec-7 c.q.s.m.TradeCommodityMapper.updateByPrimaryKeySelective [BaseJdbcLogger.java : 137] ==>  Preparing: update trade_commodity SET commodity_state = ? where commodity_id = ?
2021-12-07 11:34:18,419 [DEBUG] http-nio-8080-exec-7 c.q.s.m.TradeCommodityMapper.updateByPrimaryKeySelective [BaseJdbcLogger.java : 137] ==> Parameters: 1(Byte), 500000(Long)
2021-12-07 11:34:18,474 [DEBUG] http-nio-8080-exec-7 c.q.s.m.TradeCommodityMapper.updateByPrimaryKeySelective [BaseJdbcLogger.java : 137] <==    Updates: 0
2021-12-07 11:34:18,476 [DEBUG] http-nio-8080-exec-7 c.q.s.m.TradeCommodityMapper.updateByPrimaryKeySelective [BaseJdbcLogger.java : 137] ==>  Preparing: update trade_commodity SET commodity_state = ? where commodity_id = ?
2021-12-07 11:34:18,477 [DEBUG] http-nio-8080-exec-7 c.q.s.m.TradeCommodityMapper.updateByPrimaryKeySelective [BaseJdbcLogger.java : 137] ==> Parameters: 1(Byte), 500000(Long)
2021-12-07 11:34:18,533 [DEBUG] http-nio-8080-exec-7 c.q.s.m.TradeCommodityMapper.updateByPrimaryKeySelective [BaseJdbcLogger.java : 137] <==    Updates: 0
2021-12-07 11:40:19,116 [DEBUG] http-nio-8080-exec-10 c.q.s.m.TradeCommodityMapper.updateByPrimaryKeySelective [BaseJdbcLogger.java : 137] ==>  Preparing: update trade_commodity SET commodity_state = ? where commodity_id = ?
2021-12-07 11:40:19,117 [DEBUG] http-nio-8080-exec-10 c.q.s.m.TradeCommodityMapper.updateByPrimaryKeySelective [BaseJdbcLogger.java : 137] ==> Parameters: 1(Byte), 13(Long)
2021-12-07 11:40:19,183 [DEBUG] http-nio-8080-exec-10 c.q.s.m.TradeCommodityMapper.updateByPrimaryKeySelective [BaseJdbcLogger.java : 137] <==    Updates: 1
2021-12-07 11:40:19,185 [DEBUG] http-nio-8080-exec-10 c.q.s.m.TradeCommodityMapper.updateByPrimaryKeySelective [BaseJdbcLogger.java : 137] ==>  Preparing: update trade_commodity SET commodity_state = ? where commodity_id = ?
2021-12-07 11:40:19,186 [DEBUG] http-nio-8080-exec-10 c.q.s.m.TradeCommodityMapper.updateByPrimaryKeySelective [BaseJdbcLogger.java : 137] ==> Parameters: 1(Byte), 13(Long)
2021-12-07 11:40:19,242 [DEBUG] http-nio-8080-exec-10 c.q.s.m.TradeCommodityMapper.updateByPrimaryKeySelective [BaseJdbcLogger.java : 137] <==    Updates: 1
2021-12-07 20:36:09,802 [INFO ] SpringApplicationShutdownHook com.alibaba.druid.pool.DruidDataSource [DruidDataSource.java : 1948] {dataSource-1} closing ...
2021-12-07 20:36:09,806 [INFO ] SpringApplicationShutdownHook com.alibaba.druid.pool.DruidDataSource [DruidDataSource.java : 2020] {dataSource-1} closed
2021-12-07 20:57:45,194 [INFO ] restartedMain com.qzx.secondhand.SecondhandApplication [StartupInfoLogger.java : 55] Starting SecondhandApplication using Java 11 on DESKTOP-MVLN807 with PID 19932 (F:\aaa\后端开发\3.java\code\secondhand\target\classes started by 14522 in F:\aaa\后端开发\3.java\code\secondhand)
2021-12-07 20:57:45,195 [INFO ] restartedMain com.qzx.secondhand.SecondhandApplication [SpringApplication.java : 639] The following profiles are active: dev
2021-12-07 20:57:45,241 [INFO ] restartedMain o.s.boot.devtools.env.DevToolsPropertyDefaultsPostProcessor [DeferredLog.java : 255] Devtools property defaults active! Set 'spring.devtools.add-properties' to 'false' to disable
2021-12-07 20:57:45,242 [INFO ] restartedMain o.s.boot.devtools.env.DevToolsPropertyDefaultsPostProcessor [DeferredLog.java : 255] For additional web related logging consider setting the 'logging.level.web' property to 'DEBUG'
2021-12-07 20:57:46,005 [INFO ] restartedMain o.s.data.repository.config.RepositoryConfigurationDelegate [RepositoryConfigurationDelegate.java : 262] Multiple Spring Data modules found, entering strict repository configuration mode!
2021-12-07 20:57:46,007 [INFO ] restartedMain o.s.data.repository.config.RepositoryConfigurationDelegate [RepositoryConfigurationDelegate.java : 132] Bootstrapping Spring Data Redis repositories in DEFAULT mode.
2021-12-07 20:57:46,025 [INFO ] restartedMain o.s.data.repository.config.RepositoryConfigurationDelegate [RepositoryConfigurationDelegate.java : 201] Finished Spring Data repository scanning in 7 ms. Found 0 Redis repository interfaces.
2021-12-07 20:57:46,272 [INFO ] restartedMain o.s.c.s.PostProcessorRegistrationDelegate$BeanPostProcessorChecker [PostProcessorRegistrationDelegate.java : 376] Bean 'thread.pool-com.qzx.secondhand.model.config.TaskThreadPoolConfig' of type [com.qzx.secondhand.model.config.TaskThreadPoolConfig] is not eligible for getting processed by all BeanPostProcessors (for example: not eligible for auto-proxying)
2021-12-07 20:57:46,272 [INFO ] restartedMain o.s.c.s.PostProcessorRegistrationDelegate$BeanPostProcessorChecker [PostProcessorRegistrationDelegate.java : 376] Bean 'defaultThreadPoolConfig' of type [com.qzx.secondhand.config.thread.DefaultThreadPoolConfig$$EnhancerBySpringCGLIB$$836298eb] is not eligible for getting processed by all BeanPostProcessors (for example: not eligible for auto-proxying)
2021-12-07 20:57:46,298 [INFO ] restartedMain o.s.c.s.PostProcessorRegistrationDelegate$BeanPostProcessorChecker [PostProcessorRegistrationDelegate.java : 376] Bean 'com.alibaba.druid.spring.boot.autoconfigure.stat.DruidSpringAopConfiguration' of type [com.alibaba.druid.spring.boot.autoconfigure.stat.DruidSpringAopConfiguration] is not eligible for getting processed by all BeanPostProcessors (for example: not eligible for auto-proxying)
2021-12-07 20:57:46,338 [INFO ] restartedMain o.s.c.s.PostProcessorRegistrationDelegate$BeanPostProcessorChecker [PostProcessorRegistrationDelegate.java : 376] Bean 'spring.datasource.druid-com.alibaba.druid.spring.boot.autoconfigure.properties.DruidStatProperties' of type [com.alibaba.druid.spring.boot.autoconfigure.properties.DruidStatProperties] is not eligible for getting processed by all BeanPostProcessors (for example: not eligible for auto-proxying)
2021-12-07 20:57:46,343 [INFO ] restartedMain o.s.c.s.PostProcessorRegistrationDelegate$BeanPostProcessorChecker [PostProcessorRegistrationDelegate.java : 376] Bean 'advisor' of type [org.springframework.aop.support.RegexpMethodPointcutAdvisor] is not eligible for getting processed by all BeanPostProcessors (for example: not eligible for auto-proxying)
2021-12-07 20:57:46,547 [INFO ] restartedMain org.springframework.boot.web.embedded.tomcat.TomcatWebServer [TomcatWebServer.java : 108] Tomcat initialized with port(s): 8080 (http)
2021-12-07 20:57:46,556 [INFO ] restartedMain org.apache.coyote.http11.Http11NioProtocol [DirectJDKLog.java : 173] Initializing ProtocolHandler ["http-nio-8080"]
2021-12-07 20:57:46,556 [INFO ] restartedMain org.apache.catalina.core.StandardService [DirectJDKLog.java : 173] Starting service [Tomcat]
2021-12-07 20:57:46,557 [INFO ] restartedMain org.apache.catalina.core.StandardEngine [DirectJDKLog.java : 173] Starting Servlet engine: [Apache Tomcat/9.0.55]
2021-12-07 20:57:46,613 [INFO ] restartedMain o.a.catalina.core.ContainerBase.[Tomcat].[localhost].[/] [DirectJDKLog.java : 173] Initializing Spring embedded WebApplicationContext
2021-12-07 20:57:46,613 [INFO ] restartedMain o.s.b.web.servlet.context.ServletWebServerApplicationContext [ServletWebServerApplicationContext.java : 290] Root WebApplicationContext: initialization completed in 1370 ms
2021-12-07 20:57:46,735 [INFO ] restartedMain c.a.d.spring.boot.autoconfigure.DruidDataSourceAutoConfigure [DruidDataSourceAutoConfigure.java : 56] Init DruidDataSource
2021-12-07 20:57:48,162 [INFO ] restartedMain com.alibaba.druid.pool.DruidDataSource [DruidDataSource.java : 1003] {dataSource-1} inited
2021-12-07 20:57:48,432 [INFO ] restartedMain o.s.b.f.annotation.AutowiredAnnotationBeanPostProcessor [AutowiredAnnotationBeanPostProcessor.java : 478] Autowired annotation is not supported on static fields: private static com.qzx.secondhand.model.config.JwtConfig com.qzx.secondhand.util.JwtUtils.jwtConfig1
2021-12-07 20:57:48,753 [INFO ] restartedMain o.s.boot.devtools.autoconfigure.OptionalLiveReloadServer [OptionalLiveReloadServer.java : 58] LiveReload server is running on port 35729
2021-12-07 20:57:49,172 [INFO ] restartedMain org.apache.coyote.http11.Http11NioProtocol [DirectJDKLog.java : 173] Starting ProtocolHandler ["http-nio-8080"]
2021-12-07 20:57:49,185 [INFO ] restartedMain org.springframework.boot.web.embedded.tomcat.TomcatWebServer [TomcatWebServer.java : 220] Tomcat started on port(s): 8080 (http) with context path ''
2021-12-07 20:57:49,405 [INFO ] restartedMain com.qzx.secondhand.SecondhandApplication [StartupInfoLogger.java : 61] Started SecondhandApplication in 4.651 seconds (JVM running for 5.611)
2021-12-07 20:59:19,388 [INFO ] http-nio-8080-exec-1 o.a.catalina.core.ContainerBase.[Tomcat].[localhost].[/] [DirectJDKLog.java : 173] Initializing Spring DispatcherServlet 'dispatcherServlet'
2021-12-07 20:59:19,389 [INFO ] http-nio-8080-exec-1 org.springframework.web.servlet.DispatcherServlet [FrameworkServlet.java : 525] Initializing Servlet 'dispatcherServlet'
2021-12-07 20:59:19,390 [INFO ] http-nio-8080-exec-1 org.springframework.web.servlet.DispatcherServlet [FrameworkServlet.java : 547] Completed initialization in 1 ms
2021-12-07 20:59:19,491 [DEBUG] http-nio-8080-exec-1 c.q.s.m.TradeDesireProductMapper.updateByPrimaryKeySelective [BaseJdbcLogger.java : 137] ==>  Preparing: update trade_desire_product SET product_state = ? where id = ?
2021-12-07 20:59:19,581 [DEBUG] http-nio-8080-exec-1 c.q.s.m.TradeDesireProductMapper.updateByPrimaryKeySelective [BaseJdbcLogger.java : 137] ==> Parameters: 2(Byte), 1(Long)
2021-12-07 20:59:19,630 [DEBUG] http-nio-8080-exec-1 c.q.s.m.TradeDesireProductMapper.updateByPrimaryKeySelective [BaseJdbcLogger.java : 137] <==    Updates: 1
2021-12-07 21:26:09,063 [INFO ] SpringApplicationShutdownHook com.alibaba.druid.pool.DruidDataSource [DruidDataSource.java : 1948] {dataSource-1} closing ...
2021-12-07 21:26:09,064 [INFO ] SpringApplicationShutdownHook com.alibaba.druid.pool.DruidDataSource [DruidDataSource.java : 2020] {dataSource-1} closed
2021-12-07 21:31:32,353 [INFO ] restartedMain com.qzx.secondhand.SecondhandApplication [StartupInfoLogger.java : 55] Starting SecondhandApplication using Java 11 on DESKTOP-MVLN807 with PID 19792 (F:\aaa\后端开发\3.java\code\secondhand\target\classes started by 14522 in F:\aaa\后端开发\3.java\code\secondhand)
2021-12-07 21:31:32,354 [INFO ] restartedMain com.qzx.secondhand.SecondhandApplication [SpringApplication.java : 639] The following profiles are active: dev
2021-12-07 21:31:32,409 [INFO ] restartedMain o.s.boot.devtools.env.DevToolsPropertyDefaultsPostProcessor [DeferredLog.java : 255] Devtools property defaults active! Set 'spring.devtools.add-properties' to 'false' to disable
2021-12-07 21:31:32,410 [INFO ] restartedMain o.s.boot.devtools.env.DevToolsPropertyDefaultsPostProcessor [DeferredLog.java : 255] For additional web related logging consider setting the 'logging.level.web' property to 'DEBUG'
2021-12-07 21:31:33,523 [INFO ] restartedMain o.s.data.repository.config.RepositoryConfigurationDelegate [RepositoryConfigurationDelegate.java : 262] Multiple Spring Data modules found, entering strict repository configuration mode!
2021-12-07 21:31:33,525 [INFO ] restartedMain o.s.data.repository.config.RepositoryConfigurationDelegate [RepositoryConfigurationDelegate.java : 132] Bootstrapping Spring Data Redis repositories in DEFAULT mode.
2021-12-07 21:31:33,544 [INFO ] restartedMain o.s.data.repository.config.RepositoryConfigurationDelegate [RepositoryConfigurationDelegate.java : 201] Finished Spring Data repository scanning in 8 ms. Found 0 Redis repository interfaces.
2021-12-07 21:31:33,863 [INFO ] restartedMain o.s.c.s.PostProcessorRegistrationDelegate$BeanPostProcessorChecker [PostProcessorRegistrationDelegate.java : 376] Bean 'thread.pool-com.qzx.secondhand.model.config.TaskThreadPoolConfig' of type [com.qzx.secondhand.model.config.TaskThreadPoolConfig] is not eligible for getting processed by all BeanPostProcessors (for example: not eligible for auto-proxying)
2021-12-07 21:31:33,864 [INFO ] restartedMain o.s.c.s.PostProcessorRegistrationDelegate$BeanPostProcessorChecker [PostProcessorRegistrationDelegate.java : 376] Bean 'defaultThreadPoolConfig' of type [com.qzx.secondhand.config.thread.DefaultThreadPoolConfig$$EnhancerBySpringCGLIB$$f3d18efe] is not eligible for getting processed by all BeanPostProcessors (for example: not eligible for auto-proxying)
2021-12-07 21:31:33,874 [INFO ] restartedMain o.s.c.s.PostProcessorRegistrationDelegate$BeanPostProcessorChecker [PostProcessorRegistrationDelegate.java : 376] Bean 'com.alibaba.druid.spring.boot.autoconfigure.stat.DruidSpringAopConfiguration' of type [com.alibaba.druid.spring.boot.autoconfigure.stat.DruidSpringAopConfiguration] is not eligible for getting processed by all BeanPostProcessors (for example: not eligible for auto-proxying)
2021-12-07 21:31:33,928 [INFO ] restartedMain o.s.c.s.PostProcessorRegistrationDelegate$BeanPostProcessorChecker [PostProcessorRegistrationDelegate.java : 376] Bean 'spring.datasource.druid-com.alibaba.druid.spring.boot.autoconfigure.properties.DruidStatProperties' of type [com.alibaba.druid.spring.boot.autoconfigure.properties.DruidStatProperties] is not eligible for getting processed by all BeanPostProcessors (for example: not eligible for auto-proxying)
2021-12-07 21:31:33,932 [INFO ] restartedMain o.s.c.s.PostProcessorRegistrationDelegate$BeanPostProcessorChecker [PostProcessorRegistrationDelegate.java : 376] Bean 'advisor' of type [org.springframework.aop.support.RegexpMethodPointcutAdvisor] is not eligible for getting processed by all BeanPostProcessors (for example: not eligible for auto-proxying)
2021-12-07 21:31:34,165 [INFO ] restartedMain org.springframework.boot.web.embedded.tomcat.TomcatWebServer [TomcatWebServer.java : 108] Tomcat initialized with port(s): 8080 (http)
2021-12-07 21:31:34,174 [INFO ] restartedMain org.apache.coyote.http11.Http11NioProtocol [DirectJDKLog.java : 173] Initializing ProtocolHandler ["http-nio-8080"]
2021-12-07 21:31:34,175 [INFO ] restartedMain org.apache.catalina.core.StandardService [DirectJDKLog.java : 173] Starting service [Tomcat]
2021-12-07 21:31:34,175 [INFO ] restartedMain org.apache.catalina.core.StandardEngine [DirectJDKLog.java : 173] Starting Servlet engine: [Apache Tomcat/9.0.55]
2021-12-07 21:31:34,237 [INFO ] restartedMain o.a.catalina.core.ContainerBase.[Tomcat].[localhost].[/] [DirectJDKLog.java : 173] Initializing Spring embedded WebApplicationContext
2021-12-07 21:31:34,238 [INFO ] restartedMain o.s.b.web.servlet.context.ServletWebServerApplicationContext [ServletWebServerApplicationContext.java : 290] Root WebApplicationContext: initialization completed in 1828 ms
2021-12-07 21:31:34,386 [INFO ] restartedMain c.a.d.spring.boot.autoconfigure.DruidDataSourceAutoConfigure [DruidDataSourceAutoConfigure.java : 56] Init DruidDataSource
2021-12-07 21:31:36,012 [INFO ] restartedMain com.alibaba.druid.pool.DruidDataSource [DruidDataSource.java : 1003] {dataSource-1} inited
2021-12-07 21:31:36,253 [INFO ] restartedMain o.s.b.f.annotation.AutowiredAnnotationBeanPostProcessor [AutowiredAnnotationBeanPostProcessor.java : 478] Autowired annotation is not supported on static fields: private static com.qzx.secondhand.model.config.JwtConfig com.qzx.secondhand.util.JwtUtils.jwtConfig1
2021-12-07 21:31:36,607 [INFO ] restartedMain o.s.boot.devtools.autoconfigure.OptionalLiveReloadServer [OptionalLiveReloadServer.java : 58] LiveReload server is running on port 35729
2021-12-07 21:31:37,092 [INFO ] restartedMain org.apache.coyote.http11.Http11NioProtocol [DirectJDKLog.java : 173] Starting ProtocolHandler ["http-nio-8080"]
2021-12-07 21:31:37,109 [INFO ] restartedMain org.springframework.boot.web.embedded.tomcat.TomcatWebServer [TomcatWebServer.java : 220] Tomcat started on port(s): 8080 (http) with context path ''
2021-12-07 21:31:37,385 [INFO ] restartedMain com.qzx.secondhand.SecondhandApplication [StartupInfoLogger.java : 61] Started SecondhandApplication in 5.731 seconds (JVM running for 7.065)
2021-12-07 22:04:00,106 [INFO ] SpringApplicationShutdownHook com.alibaba.druid.pool.DruidDataSource [DruidDataSource.java : 1948] {dataSource-1} closing ...
2021-12-07 22:04:00,107 [INFO ] SpringApplicationShutdownHook com.alibaba.druid.pool.DruidDataSource [DruidDataSource.java : 2020] {dataSource-1} closed
2021-12-07 22:04:09,839 [INFO ] restartedMain com.qzx.secondhand.SecondhandApplication [StartupInfoLogger.java : 55] Starting SecondhandApplication using Java 11 on DESKTOP-MVLN807 with PID 22152 (F:\aaa\后端开发\3.java\code\secondhand\target\classes started by 14522 in F:\aaa\后端开发\3.java\code\secondhand)
2021-12-07 22:04:09,841 [INFO ] restartedMain com.qzx.secondhand.SecondhandApplication [SpringApplication.java : 639] The following profiles are active: dev
2021-12-07 22:04:09,880 [INFO ] restartedMain o.s.boot.devtools.env.DevToolsPropertyDefaultsPostProcessor [DeferredLog.java : 255] Devtools property defaults active! Set 'spring.devtools.add-properties' to 'false' to disable
2021-12-07 22:04:09,880 [INFO ] restartedMain o.s.boot.devtools.env.DevToolsPropertyDefaultsPostProcessor [DeferredLog.java : 255] For additional web related logging consider setting the 'logging.level.web' property to 'DEBUG'
2021-12-07 22:04:10,889 [INFO ] restartedMain o.s.data.repository.config.RepositoryConfigurationDelegate [RepositoryConfigurationDelegate.java : 262] Multiple Spring Data modules found, entering strict repository configuration mode!
2021-12-07 22:04:10,891 [INFO ] restartedMain o.s.data.repository.config.RepositoryConfigurationDelegate [RepositoryConfigurationDelegate.java : 132] Bootstrapping Spring Data Redis repositories in DEFAULT mode.
2021-12-07 22:04:10,909 [INFO ] restartedMain o.s.data.repository.config.RepositoryConfigurationDelegate [RepositoryConfigurationDelegate.java : 201] Finished Spring Data repository scanning in 7 ms. Found 0 Redis repository interfaces.
2021-12-07 22:04:11,174 [INFO ] restartedMain o.s.c.s.PostProcessorRegistrationDelegate$BeanPostProcessorChecker [PostProcessorRegistrationDelegate.java : 376] Bean 'thread.pool-com.qzx.secondhand.model.config.TaskThreadPoolConfig' of type [com.qzx.secondhand.model.config.TaskThreadPoolConfig] is not eligible for getting processed by all BeanPostProcessors (for example: not eligible for auto-proxying)
2021-12-07 22:04:11,175 [INFO ] restartedMain o.s.c.s.PostProcessorRegistrationDelegate$BeanPostProcessorChecker [PostProcessorRegistrationDelegate.java : 376] Bean 'defaultThreadPoolConfig' of type [com.qzx.secondhand.config.thread.DefaultThreadPoolConfig$$EnhancerBySpringCGLIB$$5a88cfd] is not eligible for getting processed by all BeanPostProcessors (for example: not eligible for auto-proxying)
2021-12-07 22:04:11,203 [INFO ] restartedMain o.s.c.s.PostProcessorRegistrationDelegate$BeanPostProcessorChecker [PostProcessorRegistrationDelegate.java : 376] Bean 'com.alibaba.druid.spring.boot.autoconfigure.stat.DruidSpringAopConfiguration' of type [com.alibaba.druid.spring.boot.autoconfigure.stat.DruidSpringAopConfiguration] is not eligible for getting processed by all BeanPostProcessors (for example: not eligible for auto-proxying)
2021-12-07 22:04:11,242 [INFO ] restartedMain o.s.c.s.PostProcessorRegistrationDelegate$BeanPostProcessorChecker [PostProcessorRegistrationDelegate.java : 376] Bean 'spring.datasource.druid-com.alibaba.druid.spring.boot.autoconfigure.properties.DruidStatProperties' of type [com.alibaba.druid.spring.boot.autoconfigure.properties.DruidStatProperties] is not eligible for getting processed by all BeanPostProcessors (for example: not eligible for auto-proxying)
2021-12-07 22:04:11,246 [INFO ] restartedMain o.s.c.s.PostProcessorRegistrationDelegate$BeanPostProcessorChecker [PostProcessorRegistrationDelegate.java : 376] Bean 'advisor' of type [org.springframework.aop.support.RegexpMethodPointcutAdvisor] is not eligible for getting processed by all BeanPostProcessors (for example: not eligible for auto-proxying)
2021-12-07 22:04:11,455 [INFO ] restartedMain org.springframework.boot.web.embedded.tomcat.TomcatWebServer [TomcatWebServer.java : 108] Tomcat initialized with port(s): 8080 (http)
2021-12-07 22:04:11,463 [INFO ] restartedMain org.apache.coyote.http11.Http11NioProtocol [DirectJDKLog.java : 173] Initializing ProtocolHandler ["http-nio-8080"]
2021-12-07 22:04:11,464 [INFO ] restartedMain org.apache.catalina.core.StandardService [DirectJDKLog.java : 173] Starting service [Tomcat]
2021-12-07 22:04:11,464 [INFO ] restartedMain org.apache.catalina.core.StandardEngine [DirectJDKLog.java : 173] Starting Servlet engine: [Apache Tomcat/9.0.55]
2021-12-07 22:04:11,521 [INFO ] restartedMain o.a.catalina.core.ContainerBase.[Tomcat].[localhost].[/] [DirectJDKLog.java : 173] Initializing Spring embedded WebApplicationContext
2021-12-07 22:04:11,522 [INFO ] restartedMain o.s.b.web.servlet.context.ServletWebServerApplicationContext [ServletWebServerApplicationContext.java : 290] Root WebApplicationContext: initialization completed in 1641 ms
2021-12-07 22:04:11,660 [INFO ] restartedMain c.a.d.spring.boot.autoconfigure.DruidDataSourceAutoConfigure [DruidDataSourceAutoConfigure.java : 56] Init DruidDataSource
2021-12-07 22:04:13,217 [INFO ] restartedMain com.alibaba.druid.pool.DruidDataSource [DruidDataSource.java : 1003] {dataSource-1} inited
2021-12-07 22:04:13,514 [INFO ] restartedMain o.s.b.f.annotation.AutowiredAnnotationBeanPostProcessor [AutowiredAnnotationBeanPostProcessor.java : 478] Autowired annotation is not supported on static fields: private static com.qzx.secondhand.model.config.JwtConfig com.qzx.secondhand.util.JwtUtils.jwtConfig1
2021-12-07 22:04:13,864 [INFO ] restartedMain o.s.boot.devtools.autoconfigure.OptionalLiveReloadServer [OptionalLiveReloadServer.java : 58] LiveReload server is running on port 35729
2021-12-07 22:04:14,255 [INFO ] restartedMain org.apache.coyote.http11.Http11NioProtocol [DirectJDKLog.java : 173] Starting ProtocolHandler ["http-nio-8080"]
2021-12-07 22:04:14,269 [INFO ] restartedMain org.springframework.boot.web.embedded.tomcat.TomcatWebServer [TomcatWebServer.java : 220] Tomcat started on port(s): 8080 (http) with context path ''
2021-12-07 22:04:14,486 [INFO ] restartedMain com.qzx.secondhand.SecondhandApplication [StartupInfoLogger.java : 61] Started SecondhandApplication in 5.045 seconds (JVM running for 6.022)
2021-12-07 22:05:47,230 [INFO ] http-nio-8080-exec-1 o.a.catalina.core.ContainerBase.[Tomcat].[localhost].[/] [DirectJDKLog.java : 173] Initializing Spring DispatcherServlet 'dispatcherServlet'
2021-12-07 22:05:47,231 [INFO ] http-nio-8080-exec-1 org.springframework.web.servlet.DispatcherServlet [FrameworkServlet.java : 525] Initializing Servlet 'dispatcherServlet'
2021-12-07 22:05:47,232 [INFO ] http-nio-8080-exec-1 org.springframework.web.servlet.DispatcherServlet [FrameworkServlet.java : 547] Completed initialization in 1 ms
2021-12-07 22:05:47,431 [DEBUG] http-nio-8080-exec-1 c.q.s.mapper.TradeUserMapper.updateByPrimaryKeySelective [BaseJdbcLogger.java : 137] ==>  Preparing: update trade_user SET user_name = ? where user_id = ?
2021-12-07 22:05:47,510 [DEBUG] http-nio-8080-exec-1 c.q.s.mapper.TradeUserMapper.updateByPrimaryKeySelective [BaseJdbcLogger.java : 137] ==> Parameters: 1111111(String), 1(Long)
2021-12-07 22:05:47,575 [DEBUG] http-nio-8080-exec-1 c.q.s.mapper.TradeUserMapper.updateByPrimaryKeySelective [BaseJdbcLogger.java : 137] <==    Updates: 1
2021-12-07 22:06:04,732 [DEBUG] http-nio-8080-exec-3 c.q.s.mapper.TradeUserMapper.updateByPrimaryKeySelective [BaseJdbcLogger.java : 137] ==>  Preparing: update trade_user SET user_name = ? where user_id = ?
2021-12-07 22:06:04,733 [DEBUG] http-nio-8080-exec-3 c.q.s.mapper.TradeUserMapper.updateByPrimaryKeySelective [BaseJdbcLogger.java : 137] ==> Parameters: 1111111(String), null
2021-12-07 22:06:04,787 [DEBUG] http-nio-8080-exec-3 c.q.s.mapper.TradeUserMapper.updateByPrimaryKeySelective [BaseJdbcLogger.java : 137] <==    Updates: 0
2021-12-07 22:06:14,365 [DEBUG] http-nio-8080-exec-4 c.q.s.mapper.TradeUserMapper.updateByPrimaryKeySelective [BaseJdbcLogger.java : 137] ==>  Preparing: update trade_user SET user_name = ? where user_id = ?
2021-12-07 22:06:14,366 [DEBUG] http-nio-8080-exec-4 c.q.s.mapper.TradeUserMapper.updateByPrimaryKeySelective [BaseJdbcLogger.java : 137] ==> Parameters: 1111111(String), 1(Long)
2021-12-07 22:06:14,433 [DEBUG] http-nio-8080-exec-4 c.q.s.mapper.TradeUserMapper.updateByPrimaryKeySelective [BaseJdbcLogger.java : 137] <==    Updates: 1
2021-12-07 22:06:21,185 [DEBUG] http-nio-8080-exec-5 c.q.s.mapper.TradeUserMapper.updateByPrimaryKeySelective [BaseJdbcLogger.java : 137] ==>  Preparing: update trade_user SET user_name = ? where user_id = ?
2021-12-07 22:06:21,186 [DEBUG] http-nio-8080-exec-5 c.q.s.mapper.TradeUserMapper.updateByPrimaryKeySelective [BaseJdbcLogger.java : 137] ==> Parameters: 11111112(String), 1(Long)
2021-12-07 22:06:21,244 [DEBUG] http-nio-8080-exec-5 c.q.s.mapper.TradeUserMapper.updateByPrimaryKeySelective [BaseJdbcLogger.java : 137] <==    Updates: 1
2021-12-07 22:06:33,856 [DEBUG] http-nio-8080-exec-6 c.q.s.mapper.TradeUserMapper.updateByPrimaryKeySelective [BaseJdbcLogger.java : 137] ==>  Preparing: update trade_user SET user_name = ? where user_id = ?
2021-12-07 22:06:33,857 [DEBUG] http-nio-8080-exec-6 c.q.s.mapper.TradeUserMapper.updateByPrimaryKeySelective [BaseJdbcLogger.java : 137] ==> Parameters: 11111112(String), 1(Long)
2021-12-07 22:06:33,912 [DEBUG] http-nio-8080-exec-6 c.q.s.mapper.TradeUserMapper.updateByPrimaryKeySelective [BaseJdbcLogger.java : 137] <==    Updates: 1
2021-12-07 22:06:55,297 [INFO ] SpringApplicationShutdownHook com.alibaba.druid.pool.DruidDataSource [DruidDataSource.java : 1948] {dataSource-1} closing ...
2021-12-07 22:06:55,304 [INFO ] SpringApplicationShutdownHook com.alibaba.druid.pool.DruidDataSource [DruidDataSource.java : 2020] {dataSource-1} closed
