2021-11-28 17:37:21,601 [INFO ] restartedMain com.qzx.secondhand.SecondhandApplication [StartupInfoLogger.java : 55] Starting SecondhandApplication using Java 11.0.3 on xiamu8861 with PID 14832 (E:\5，研究生\8，后端\3.java\code\secondhand\target\classes started by 14522 in E:\5，研究生\8，后端\3.java\code\secondhand)
2021-11-28 17:37:21,613 [INFO ] restartedMain com.qzx.secondhand.SecondhandApplication [SpringApplication.java : 639] The following profiles are active: dev
2021-11-28 17:37:21,799 [INFO ] restartedMain o.s.boot.devtools.env.DevToolsPropertyDefaultsPostProcessor [DeferredLog.java : 255] Devtools property defaults active! Set 'spring.devtools.add-properties' to 'false' to disable
2021-11-28 17:37:21,800 [INFO ] restartedMain o.s.boot.devtools.env.DevToolsPropertyDefaultsPostProcessor [DeferredLog.java : 255] For additional web related logging consider setting the 'logging.level.web' property to 'DEBUG'
2021-11-28 17:37:24,018 [INFO ] restartedMain o.s.data.repository.config.RepositoryConfigurationDelegate [RepositoryConfigurationDelegate.java : 262] Multiple Spring Data modules found, entering strict repository configuration mode!
2021-11-28 17:37:24,022 [INFO ] restartedMain o.s.data.repository.config.RepositoryConfigurationDelegate [RepositoryConfigurationDelegate.java : 132] Bootstrapping Spring Data Redis repositories in DEFAULT mode.
2021-11-28 17:37:24,101 [INFO ] restartedMain o.s.data.repository.config.RepositoryConfigurationDelegate [RepositoryConfigurationDelegate.java : 201] Finished Spring Data repository scanning in 8 ms. Found 0 Redis repository interfaces.
2021-11-28 17:37:24,664 [INFO ] restartedMain o.s.c.s.PostProcessorRegistrationDelegate$BeanPostProcessorChecker [PostProcessorRegistrationDelegate.java : 376] Bean 'thread.pool-com.qzx.secondhand.model.config.TaskThreadPoolConfig' of type [com.qzx.secondhand.model.config.TaskThreadPoolConfig] is not eligible for getting processed by all BeanPostProcessors (for example: not eligible for auto-proxying)
2021-11-28 17:37:24,665 [INFO ] restartedMain o.s.c.s.PostProcessorRegistrationDelegate$BeanPostProcessorChecker [PostProcessorRegistrationDelegate.java : 376] Bean 'defaultThreadPoolConfig' of type [com.qzx.secondhand.config.DefaultThreadPoolConfig$$EnhancerBySpringCGLIB$$510c02fc] is not eligible for getting processed by all BeanPostProcessors (for example: not eligible for auto-proxying)
2021-11-28 17:37:24,693 [INFO ] restartedMain o.s.c.s.PostProcessorRegistrationDelegate$BeanPostProcessorChecker [PostProcessorRegistrationDelegate.java : 376] Bean 'com.alibaba.druid.spring.boot.autoconfigure.stat.DruidSpringAopConfiguration' of type [com.alibaba.druid.spring.boot.autoconfigure.stat.DruidSpringAopConfiguration] is not eligible for getting processed by all BeanPostProcessors (for example: not eligible for auto-proxying)
2021-11-28 17:37:24,792 [INFO ] restartedMain o.s.c.s.PostProcessorRegistrationDelegate$BeanPostProcessorChecker [PostProcessorRegistrationDelegate.java : 376] Bean 'spring.datasource.druid-com.alibaba.druid.spring.boot.autoconfigure.properties.DruidStatProperties' of type [com.alibaba.druid.spring.boot.autoconfigure.properties.DruidStatProperties] is not eligible for getting processed by all BeanPostProcessors (for example: not eligible for auto-proxying)
2021-11-28 17:37:24,818 [INFO ] restartedMain o.s.c.s.PostProcessorRegistrationDelegate$BeanPostProcessorChecker [PostProcessorRegistrationDelegate.java : 376] Bean 'advisor' of type [org.springframework.aop.support.RegexpMethodPointcutAdvisor] is not eligible for getting processed by all BeanPostProcessors (for example: not eligible for auto-proxying)
2021-11-28 17:37:25,488 [INFO ] restartedMain org.springframework.boot.web.embedded.tomcat.TomcatWebServer [TomcatWebServer.java : 108] Tomcat initialized with port(s): 8080 (http)
2021-11-28 17:37:25,535 [INFO ] restartedMain org.apache.coyote.http11.Http11NioProtocol [DirectJDKLog.java : 173] Initializing ProtocolHandler ["http-nio-8080"]
2021-11-28 17:37:25,535 [INFO ] restartedMain org.apache.catalina.core.StandardService [DirectJDKLog.java : 173] Starting service [Tomcat]
2021-11-28 17:37:25,536 [INFO ] restartedMain org.apache.catalina.core.StandardEngine [DirectJDKLog.java : 173] Starting Servlet engine: [Apache Tomcat/9.0.55]
2021-11-28 17:37:25,655 [INFO ] restartedMain o.a.catalina.core.ContainerBase.[Tomcat].[localhost].[/] [DirectJDKLog.java : 173] Initializing Spring embedded WebApplicationContext
2021-11-28 17:37:25,656 [INFO ] restartedMain o.s.b.web.servlet.context.ServletWebServerApplicationContext [ServletWebServerApplicationContext.java : 290] Root WebApplicationContext: initialization completed in 3855 ms
2021-11-28 17:37:25,993 [INFO ] restartedMain c.a.d.spring.boot.autoconfigure.DruidDataSourceAutoConfigure [DruidDataSourceAutoConfigure.java : 56] Init DruidDataSource
2021-11-28 17:37:28,374 [INFO ] restartedMain com.alibaba.druid.pool.DruidDataSource [DruidDataSource.java : 1003] {dataSource-1} inited
2021-11-28 17:37:30,075 [INFO ] restartedMain o.s.boot.devtools.autoconfigure.OptionalLiveReloadServer [OptionalLiveReloadServer.java : 58] LiveReload server is running on port 35729
2021-11-28 17:37:30,148 [INFO ] restartedMain org.apache.coyote.http11.Http11NioProtocol [DirectJDKLog.java : 173] Starting ProtocolHandler ["http-nio-8080"]
2021-11-28 17:37:30,179 [INFO ] restartedMain org.springframework.boot.web.embedded.tomcat.TomcatWebServer [TomcatWebServer.java : 220] Tomcat started on port(s): 8080 (http) with context path ''
2021-11-28 17:37:30,192 [INFO ] restartedMain com.qzx.secondhand.SecondhandApplication [StartupInfoLogger.java : 61] Started SecondhandApplication in 11.031 seconds (JVM running for 25.213)
2021-11-28 17:37:58,157 [INFO ] http-nio-8080-exec-1 o.a.catalina.core.ContainerBase.[Tomcat].[localhost].[/] [DirectJDKLog.java : 173] Initializing Spring DispatcherServlet 'dispatcherServlet'
2021-11-28 17:37:58,160 [INFO ] http-nio-8080-exec-1 org.springframework.web.servlet.DispatcherServlet [FrameworkServlet.java : 525] Initializing Servlet 'dispatcherServlet'
2021-11-28 17:37:58,161 [INFO ] http-nio-8080-exec-1 org.springframework.web.servlet.DispatcherServlet [FrameworkServlet.java : 547] Completed initialization in 1 ms
2021-11-28 17:37:58,272 [ERROR] http-nio-8080-exec-1 com.qzx.secondhand.exception.handler.GlobalExceptionHandler [GlobalExceptionHandler.java : 53] 
com.qzx.secondhand.exception.handler.UserDefinedException: null
	at com.qzx.secondhand.controller.TradeUser.test(TradeUser.java:25)
	at com.qzx.secondhand.controller.TradeUser$$FastClassBySpringCGLIB$$6b519d1c.invoke(<generated>)
	at org.springframework.cglib.proxy.MethodProxy.invoke(MethodProxy.java:218)
	at org.springframework.aop.framework.CglibAopProxy$CglibMethodInvocation.invokeJoinpoint(CglibAopProxy.java:783)
	at org.springframework.aop.framework.ReflectiveMethodInvocation.proceed(ReflectiveMethodInvocation.java:163)
	at org.springframework.aop.framework.CglibAopProxy$CglibMethodInvocation.proceed(CglibAopProxy.java:753)
	at com.alibaba.druid.support.spring.stat.DruidStatInterceptor.invoke(DruidStatInterceptor.java:73)
	at org.springframework.aop.framework.ReflectiveMethodInvocation.proceed(ReflectiveMethodInvocation.java:186)
	at org.springframework.aop.framework.CglibAopProxy$CglibMethodInvocation.proceed(CglibAopProxy.java:753)
	at org.springframework.aop.framework.CglibAopProxy$DynamicAdvisedInterceptor.intercept(CglibAopProxy.java:698)
	at com.qzx.secondhand.controller.TradeUser$$EnhancerBySpringCGLIB$$faa1ce54.test(<generated>)
	at java.base/jdk.internal.reflect.NativeMethodAccessorImpl.invoke0(Native Method)
	at java.base/jdk.internal.reflect.NativeMethodAccessorImpl.invoke(NativeMethodAccessorImpl.java:62)
	at java.base/jdk.internal.reflect.DelegatingMethodAccessorImpl.invoke(DelegatingMethodAccessorImpl.java:43)
	at java.base/java.lang.reflect.Method.invoke(Method.java:566)
	at org.springframework.web.method.support.InvocableHandlerMethod.doInvoke(InvocableHandlerMethod.java:205)
	at org.springframework.web.method.support.InvocableHandlerMethod.invokeForRequest(InvocableHandlerMethod.java:150)
	at org.springframework.web.servlet.mvc.method.annotation.ServletInvocableHandlerMethod.invokeAndHandle(ServletInvocableHandlerMethod.java:117)
	at org.springframework.web.servlet.mvc.method.annotation.RequestMappingHandlerAdapter.invokeHandlerMethod(RequestMappingHandlerAdapter.java:895)
	at org.springframework.web.servlet.mvc.method.annotation.RequestMappingHandlerAdapter.handleInternal(RequestMappingHandlerAdapter.java:808)
	at org.springframework.web.servlet.mvc.method.AbstractHandlerMethodAdapter.handle(AbstractHandlerMethodAdapter.java:87)
	at org.springframework.web.servlet.DispatcherServlet.doDispatch(DispatcherServlet.java:1067)
	at org.springframework.web.servlet.DispatcherServlet.doService(DispatcherServlet.java:963)
	at org.springframework.web.servlet.FrameworkServlet.processRequest(FrameworkServlet.java:1006)
	at org.springframework.web.servlet.FrameworkServlet.doGet(FrameworkServlet.java:898)
	at javax.servlet.http.HttpServlet.service(HttpServlet.java:655)
	at org.springframework.web.servlet.FrameworkServlet.service(FrameworkServlet.java:883)
	at javax.servlet.http.HttpServlet.service(HttpServlet.java:764)
	at org.apache.catalina.core.ApplicationFilterChain.internalDoFilter(ApplicationFilterChain.java:227)
	at org.apache.catalina.core.ApplicationFilterChain.doFilter(ApplicationFilterChain.java:162)
	at org.apache.tomcat.websocket.server.WsFilter.doFilter(WsFilter.java:53)
	at org.apache.catalina.core.ApplicationFilterChain.internalDoFilter(ApplicationFilterChain.java:189)
	at org.apache.catalina.core.ApplicationFilterChain.doFilter(ApplicationFilterChain.java:162)
	at com.alibaba.druid.support.http.WebStatFilter.doFilter(WebStatFilter.java:124)
	at org.apache.catalina.core.ApplicationFilterChain.internalDoFilter(ApplicationFilterChain.java:189)
	at org.apache.catalina.core.ApplicationFilterChain.doFilter(ApplicationFilterChain.java:162)
	at org.springframework.web.filter.RequestContextFilter.doFilterInternal(RequestContextFilter.java:100)
	at org.springframework.web.filter.OncePerRequestFilter.doFilter(OncePerRequestFilter.java:119)
	at org.apache.catalina.core.ApplicationFilterChain.internalDoFilter(ApplicationFilterChain.java:189)
	at org.apache.catalina.core.ApplicationFilterChain.doFilter(ApplicationFilterChain.java:162)
	at org.springframework.web.filter.FormContentFilter.doFilterInternal(FormContentFilter.java:93)
	at org.springframework.web.filter.OncePerRequestFilter.doFilter(OncePerRequestFilter.java:119)
	at org.apache.catalina.core.ApplicationFilterChain.internalDoFilter(ApplicationFilterChain.java:189)
	at org.apache.catalina.core.ApplicationFilterChain.doFilter(ApplicationFilterChain.java:162)
	at org.springframework.web.filter.CharacterEncodingFilter.doFilterInternal(CharacterEncodingFilter.java:201)
	at org.springframework.web.filter.OncePerRequestFilter.doFilter(OncePerRequestFilter.java:119)
	at org.apache.catalina.core.ApplicationFilterChain.internalDoFilter(ApplicationFilterChain.java:189)
	at org.apache.catalina.core.ApplicationFilterChain.doFilter(ApplicationFilterChain.java:162)
	at org.apache.catalina.core.StandardWrapperValve.invoke(StandardWrapperValve.java:197)
	at org.apache.catalina.core.StandardContextValve.invoke(StandardContextValve.java:97)
	at org.apache.catalina.authenticator.AuthenticatorBase.invoke(AuthenticatorBase.java:540)
	at org.apache.catalina.core.StandardHostValve.invoke(StandardHostValve.java:135)
	at org.apache.catalina.valves.ErrorReportValve.invoke(ErrorReportValve.java:92)
	at org.apache.catalina.core.StandardEngineValve.invoke(StandardEngineValve.java:78)
	at org.apache.catalina.connector.CoyoteAdapter.service(CoyoteAdapter.java:357)
	at org.apache.coyote.http11.Http11Processor.service(Http11Processor.java:382)
	at org.apache.coyote.AbstractProcessorLight.process(AbstractProcessorLight.java:65)
	at org.apache.coyote.AbstractProtocol$ConnectionHandler.process(AbstractProtocol.java:895)
	at org.apache.tomcat.util.net.NioEndpoint$SocketProcessor.doRun(NioEndpoint.java:1722)
	at org.apache.tomcat.util.net.SocketProcessorBase.run(SocketProcessorBase.java:49)
	at org.apache.tomcat.util.threads.ThreadPoolExecutor.runWorker(ThreadPoolExecutor.java:1191)
	at org.apache.tomcat.util.threads.ThreadPoolExecutor$Worker.run(ThreadPoolExecutor.java:659)
	at org.apache.tomcat.util.threads.TaskThread$WrappingRunnable.run(TaskThread.java:61)
	at java.base/java.lang.Thread.run(Thread.java:834)
2021-11-28 17:37:58,465 [WARN ] http-nio-8080-exec-1 o.s.w.s.m.m.annotation.ExceptionHandlerExceptionResolver [AbstractHandlerExceptionResolver.java : 208] Resolved [UserDefinedException(msg=error_column_unique)]
2021-11-28 17:38:10,248 [INFO ] SpringApplicationShutdownHook com.alibaba.druid.pool.DruidDataSource [DruidDataSource.java : 1948] {dataSource-1} closing ...
2021-11-28 17:38:10,276 [INFO ] SpringApplicationShutdownHook com.alibaba.druid.pool.DruidDataSource [DruidDataSource.java : 2020] {dataSource-1} closed
2021-11-28 17:38:37,098 [INFO ] restartedMain com.qzx.secondhand.SecondhandApplication [StartupInfoLogger.java : 55] Starting SecondhandApplication using Java 11.0.3 on xiamu8861 with PID 2080 (E:\5，研究生\8，后端\3.java\code\secondhand\target\classes started by 14522 in E:\5，研究生\8，后端\3.java\code\secondhand)
2021-11-28 17:38:37,100 [INFO ] restartedMain com.qzx.secondhand.SecondhandApplication [SpringApplication.java : 639] The following profiles are active: dev
2021-11-28 17:38:37,175 [INFO ] restartedMain o.s.boot.devtools.env.DevToolsPropertyDefaultsPostProcessor [DeferredLog.java : 255] Devtools property defaults active! Set 'spring.devtools.add-properties' to 'false' to disable
2021-11-28 17:38:37,177 [INFO ] restartedMain o.s.boot.devtools.env.DevToolsPropertyDefaultsPostProcessor [DeferredLog.java : 255] For additional web related logging consider setting the 'logging.level.web' property to 'DEBUG'
2021-11-28 17:38:38,152 [INFO ] restartedMain o.s.data.repository.config.RepositoryConfigurationDelegate [RepositoryConfigurationDelegate.java : 262] Multiple Spring Data modules found, entering strict repository configuration mode!
2021-11-28 17:38:38,155 [INFO ] restartedMain o.s.data.repository.config.RepositoryConfigurationDelegate [RepositoryConfigurationDelegate.java : 132] Bootstrapping Spring Data Redis repositories in DEFAULT mode.
2021-11-28 17:38:38,184 [INFO ] restartedMain o.s.data.repository.config.RepositoryConfigurationDelegate [RepositoryConfigurationDelegate.java : 201] Finished Spring Data repository scanning in 11 ms. Found 0 Redis repository interfaces.
2021-11-28 17:38:38,511 [INFO ] restartedMain o.s.c.s.PostProcessorRegistrationDelegate$BeanPostProcessorChecker [PostProcessorRegistrationDelegate.java : 376] Bean 'thread.pool-com.qzx.secondhand.model.config.TaskThreadPoolConfig' of type [com.qzx.secondhand.model.config.TaskThreadPoolConfig] is not eligible for getting processed by all BeanPostProcessors (for example: not eligible for auto-proxying)
2021-11-28 17:38:38,512 [INFO ] restartedMain o.s.c.s.PostProcessorRegistrationDelegate$BeanPostProcessorChecker [PostProcessorRegistrationDelegate.java : 376] Bean 'defaultThreadPoolConfig' of type [com.qzx.secondhand.config.DefaultThreadPoolConfig$$EnhancerBySpringCGLIB$$b6e86372] is not eligible for getting processed by all BeanPostProcessors (for example: not eligible for auto-proxying)
2021-11-28 17:38:38,524 [INFO ] restartedMain o.s.c.s.PostProcessorRegistrationDelegate$BeanPostProcessorChecker [PostProcessorRegistrationDelegate.java : 376] Bean 'com.alibaba.druid.spring.boot.autoconfigure.stat.DruidSpringAopConfiguration' of type [com.alibaba.druid.spring.boot.autoconfigure.stat.DruidSpringAopConfiguration] is not eligible for getting processed by all BeanPostProcessors (for example: not eligible for auto-proxying)
2021-11-28 17:38:38,584 [INFO ] restartedMain o.s.c.s.PostProcessorRegistrationDelegate$BeanPostProcessorChecker [PostProcessorRegistrationDelegate.java : 376] Bean 'spring.datasource.druid-com.alibaba.druid.spring.boot.autoconfigure.properties.DruidStatProperties' of type [com.alibaba.druid.spring.boot.autoconfigure.properties.DruidStatProperties] is not eligible for getting processed by all BeanPostProcessors (for example: not eligible for auto-proxying)
2021-11-28 17:38:38,591 [INFO ] restartedMain o.s.c.s.PostProcessorRegistrationDelegate$BeanPostProcessorChecker [PostProcessorRegistrationDelegate.java : 376] Bean 'advisor' of type [org.springframework.aop.support.RegexpMethodPointcutAdvisor] is not eligible for getting processed by all BeanPostProcessors (for example: not eligible for auto-proxying)
2021-11-28 17:38:38,975 [INFO ] restartedMain org.springframework.boot.web.embedded.tomcat.TomcatWebServer [TomcatWebServer.java : 108] Tomcat initialized with port(s): 8080 (http)
2021-11-28 17:38:38,987 [INFO ] restartedMain org.apache.coyote.http11.Http11NioProtocol [DirectJDKLog.java : 173] Initializing ProtocolHandler ["http-nio-8080"]
2021-11-28 17:38:38,988 [INFO ] restartedMain org.apache.catalina.core.StandardService [DirectJDKLog.java : 173] Starting service [Tomcat]
2021-11-28 17:38:38,988 [INFO ] restartedMain org.apache.catalina.core.StandardEngine [DirectJDKLog.java : 173] Starting Servlet engine: [Apache Tomcat/9.0.55]
2021-11-28 17:38:39,075 [INFO ] restartedMain o.a.catalina.core.ContainerBase.[Tomcat].[localhost].[/] [DirectJDKLog.java : 173] Initializing Spring embedded WebApplicationContext
2021-11-28 17:38:39,076 [INFO ] restartedMain o.s.b.web.servlet.context.ServletWebServerApplicationContext [ServletWebServerApplicationContext.java : 290] Root WebApplicationContext: initialization completed in 1897 ms
2021-11-28 17:38:39,483 [INFO ] restartedMain c.a.d.spring.boot.autoconfigure.DruidDataSourceAutoConfigure [DruidDataSourceAutoConfigure.java : 56] Init DruidDataSource
2021-11-28 17:38:42,008 [INFO ] restartedMain com.alibaba.druid.pool.DruidDataSource [DruidDataSource.java : 1003] {dataSource-1} inited
2021-11-28 17:38:42,986 [INFO ] restartedMain o.s.boot.devtools.autoconfigure.OptionalLiveReloadServer [OptionalLiveReloadServer.java : 58] LiveReload server is running on port 35729
2021-11-28 17:38:43,072 [INFO ] restartedMain org.apache.coyote.http11.Http11NioProtocol [DirectJDKLog.java : 173] Starting ProtocolHandler ["http-nio-8080"]
2021-11-28 17:38:43,101 [INFO ] restartedMain org.springframework.boot.web.embedded.tomcat.TomcatWebServer [TomcatWebServer.java : 220] Tomcat started on port(s): 8080 (http) with context path ''
2021-11-28 17:38:43,116 [INFO ] restartedMain com.qzx.secondhand.SecondhandApplication [StartupInfoLogger.java : 61] Started SecondhandApplication in 6.885 seconds (JVM running for 11.02)
2021-11-28 17:39:12,964 [INFO ] http-nio-8080-exec-1 o.a.catalina.core.ContainerBase.[Tomcat].[localhost].[/] [DirectJDKLog.java : 173] Initializing Spring DispatcherServlet 'dispatcherServlet'
2021-11-28 17:39:12,967 [INFO ] http-nio-8080-exec-1 org.springframework.web.servlet.DispatcherServlet [FrameworkServlet.java : 525] Initializing Servlet 'dispatcherServlet'
2021-11-28 17:39:12,969 [INFO ] http-nio-8080-exec-1 org.springframework.web.servlet.DispatcherServlet [FrameworkServlet.java : 547] Completed initialization in 2 ms
2021-11-28 17:39:47,911 [ERROR] http-nio-8080-exec-1 com.qzx.secondhand.exception.handler.GlobalExceptionHandler [GlobalExceptionHandler.java : 53] 
com.qzx.secondhand.exception.handler.UserDefinedException: null
	at com.qzx.secondhand.controller.TradeUser.test(TradeUser.java:25)
	at com.qzx.secondhand.controller.TradeUser$$FastClassBySpringCGLIB$$6b519d1c.invoke(<generated>)
	at org.springframework.cglib.proxy.MethodProxy.invoke(MethodProxy.java:218)
	at org.springframework.aop.framework.CglibAopProxy$CglibMethodInvocation.invokeJoinpoint(CglibAopProxy.java:783)
	at org.springframework.aop.framework.ReflectiveMethodInvocation.proceed(ReflectiveMethodInvocation.java:163)
	at org.springframework.aop.framework.CglibAopProxy$CglibMethodInvocation.proceed(CglibAopProxy.java:753)
	at com.alibaba.druid.support.spring.stat.DruidStatInterceptor.invoke(DruidStatInterceptor.java:73)
	at org.springframework.aop.framework.ReflectiveMethodInvocation.proceed(ReflectiveMethodInvocation.java:186)
	at org.springframework.aop.framework.CglibAopProxy$CglibMethodInvocation.proceed(CglibAopProxy.java:753)
	at org.springframework.aop.framework.CglibAopProxy$DynamicAdvisedInterceptor.intercept(CglibAopProxy.java:698)
	at com.qzx.secondhand.controller.TradeUser$$EnhancerBySpringCGLIB$$3c93f481.test(<generated>)
	at java.base/jdk.internal.reflect.NativeMethodAccessorImpl.invoke0(Native Method)
	at java.base/jdk.internal.reflect.NativeMethodAccessorImpl.invoke(NativeMethodAccessorImpl.java:62)
	at java.base/jdk.internal.reflect.DelegatingMethodAccessorImpl.invoke(DelegatingMethodAccessorImpl.java:43)
	at java.base/java.lang.reflect.Method.invoke(Method.java:566)
	at org.springframework.web.method.support.InvocableHandlerMethod.doInvoke(InvocableHandlerMethod.java:205)
	at org.springframework.web.method.support.InvocableHandlerMethod.invokeForRequest(InvocableHandlerMethod.java:150)
	at org.springframework.web.servlet.mvc.method.annotation.ServletInvocableHandlerMethod.invokeAndHandle(ServletInvocableHandlerMethod.java:117)
	at org.springframework.web.servlet.mvc.method.annotation.RequestMappingHandlerAdapter.invokeHandlerMethod(RequestMappingHandlerAdapter.java:895)
	at org.springframework.web.servlet.mvc.method.annotation.RequestMappingHandlerAdapter.handleInternal(RequestMappingHandlerAdapter.java:808)
	at org.springframework.web.servlet.mvc.method.AbstractHandlerMethodAdapter.handle(AbstractHandlerMethodAdapter.java:87)
	at org.springframework.web.servlet.DispatcherServlet.doDispatch(DispatcherServlet.java:1067)
	at org.springframework.web.servlet.DispatcherServlet.doService(DispatcherServlet.java:963)
	at org.springframework.web.servlet.FrameworkServlet.processRequest(FrameworkServlet.java:1006)
	at org.springframework.web.servlet.FrameworkServlet.doGet(FrameworkServlet.java:898)
	at javax.servlet.http.HttpServlet.service(HttpServlet.java:655)
	at org.springframework.web.servlet.FrameworkServlet.service(FrameworkServlet.java:883)
	at javax.servlet.http.HttpServlet.service(HttpServlet.java:764)
	at org.apache.catalina.core.ApplicationFilterChain.internalDoFilter(ApplicationFilterChain.java:227)
	at org.apache.catalina.core.ApplicationFilterChain.doFilter(ApplicationFilterChain.java:162)
	at org.apache.tomcat.websocket.server.WsFilter.doFilter(WsFilter.java:53)
	at org.apache.catalina.core.ApplicationFilterChain.internalDoFilter(ApplicationFilterChain.java:189)
	at org.apache.catalina.core.ApplicationFilterChain.doFilter(ApplicationFilterChain.java:162)
	at com.alibaba.druid.support.http.WebStatFilter.doFilter(WebStatFilter.java:124)
	at org.apache.catalina.core.ApplicationFilterChain.internalDoFilter(ApplicationFilterChain.java:189)
	at org.apache.catalina.core.ApplicationFilterChain.doFilter(ApplicationFilterChain.java:162)
	at org.springframework.web.filter.RequestContextFilter.doFilterInternal(RequestContextFilter.java:100)
	at org.springframework.web.filter.OncePerRequestFilter.doFilter(OncePerRequestFilter.java:119)
	at org.apache.catalina.core.ApplicationFilterChain.internalDoFilter(ApplicationFilterChain.java:189)
	at org.apache.catalina.core.ApplicationFilterChain.doFilter(ApplicationFilterChain.java:162)
	at org.springframework.web.filter.FormContentFilter.doFilterInternal(FormContentFilter.java:93)
	at org.springframework.web.filter.OncePerRequestFilter.doFilter(OncePerRequestFilter.java:119)
	at org.apache.catalina.core.ApplicationFilterChain.internalDoFilter(ApplicationFilterChain.java:189)
	at org.apache.catalina.core.ApplicationFilterChain.doFilter(ApplicationFilterChain.java:162)
	at org.springframework.web.filter.CharacterEncodingFilter.doFilterInternal(CharacterEncodingFilter.java:201)
	at org.springframework.web.filter.OncePerRequestFilter.doFilter(OncePerRequestFilter.java:119)
	at org.apache.catalina.core.ApplicationFilterChain.internalDoFilter(ApplicationFilterChain.java:189)
	at org.apache.catalina.core.ApplicationFilterChain.doFilter(ApplicationFilterChain.java:162)
	at org.apache.catalina.core.StandardWrapperValve.invoke(StandardWrapperValve.java:197)
	at org.apache.catalina.core.StandardContextValve.invoke(StandardContextValve.java:97)
	at org.apache.catalina.authenticator.AuthenticatorBase.invoke(AuthenticatorBase.java:540)
	at org.apache.catalina.core.StandardHostValve.invoke(StandardHostValve.java:135)
	at org.apache.catalina.valves.ErrorReportValve.invoke(ErrorReportValve.java:92)
	at org.apache.catalina.core.StandardEngineValve.invoke(StandardEngineValve.java:78)
	at org.apache.catalina.connector.CoyoteAdapter.service(CoyoteAdapter.java:357)
	at org.apache.coyote.http11.Http11Processor.service(Http11Processor.java:382)
	at org.apache.coyote.AbstractProcessorLight.process(AbstractProcessorLight.java:65)
	at org.apache.coyote.AbstractProtocol$ConnectionHandler.process(AbstractProtocol.java:895)
	at org.apache.tomcat.util.net.NioEndpoint$SocketProcessor.doRun(NioEndpoint.java:1722)
	at org.apache.tomcat.util.net.SocketProcessorBase.run(SocketProcessorBase.java:49)
	at org.apache.tomcat.util.threads.ThreadPoolExecutor.runWorker(ThreadPoolExecutor.java:1191)
	at org.apache.tomcat.util.threads.ThreadPoolExecutor$Worker.run(ThreadPoolExecutor.java:659)
	at org.apache.tomcat.util.threads.TaskThread$WrappingRunnable.run(TaskThread.java:61)
	at java.base/java.lang.Thread.run(Thread.java:834)
2021-11-28 17:39:49,237 [WARN ] http-nio-8080-exec-1 o.s.w.s.m.m.annotation.ExceptionHandlerExceptionResolver [AbstractHandlerExceptionResolver.java : 208] Resolved [UserDefinedException(msg=error_column_unique)]
2021-11-28 17:40:25,230 [ERROR] http-nio-8080-exec-2 com.qzx.secondhand.exception.handler.GlobalExceptionHandler [GlobalExceptionHandler.java : 53] 
com.qzx.secondhand.exception.handler.UserDefinedException: null
	at com.qzx.secondhand.controller.TradeUser.test(TradeUser.java:25)
	at com.qzx.secondhand.controller.TradeUser$$FastClassBySpringCGLIB$$6b519d1c.invoke(<generated>)
	at org.springframework.cglib.proxy.MethodProxy.invoke(MethodProxy.java:218)
	at org.springframework.aop.framework.CglibAopProxy$CglibMethodInvocation.invokeJoinpoint(CglibAopProxy.java:783)
	at org.springframework.aop.framework.ReflectiveMethodInvocation.proceed(ReflectiveMethodInvocation.java:163)
	at org.springframework.aop.framework.CglibAopProxy$CglibMethodInvocation.proceed(CglibAopProxy.java:753)
	at com.alibaba.druid.support.spring.stat.DruidStatInterceptor.invoke(DruidStatInterceptor.java:73)
	at org.springframework.aop.framework.ReflectiveMethodInvocation.proceed(ReflectiveMethodInvocation.java:186)
	at org.springframework.aop.framework.CglibAopProxy$CglibMethodInvocation.proceed(CglibAopProxy.java:753)
	at org.springframework.aop.framework.CglibAopProxy$DynamicAdvisedInterceptor.intercept(CglibAopProxy.java:698)
	at com.qzx.secondhand.controller.TradeUser$$EnhancerBySpringCGLIB$$3c93f481.test(<generated>)
	at java.base/jdk.internal.reflect.NativeMethodAccessorImpl.invoke0(Native Method)
	at java.base/jdk.internal.reflect.NativeMethodAccessorImpl.invoke(NativeMethodAccessorImpl.java:62)
	at java.base/jdk.internal.reflect.DelegatingMethodAccessorImpl.invoke(DelegatingMethodAccessorImpl.java:43)
	at java.base/java.lang.reflect.Method.invoke(Method.java:566)
	at org.springframework.web.method.support.InvocableHandlerMethod.doInvoke(InvocableHandlerMethod.java:205)
	at org.springframework.web.method.support.InvocableHandlerMethod.invokeForRequest(InvocableHandlerMethod.java:150)
	at org.springframework.web.servlet.mvc.method.annotation.ServletInvocableHandlerMethod.invokeAndHandle(ServletInvocableHandlerMethod.java:117)
	at org.springframework.web.servlet.mvc.method.annotation.RequestMappingHandlerAdapter.invokeHandlerMethod(RequestMappingHandlerAdapter.java:895)
	at org.springframework.web.servlet.mvc.method.annotation.RequestMappingHandlerAdapter.handleInternal(RequestMappingHandlerAdapter.java:808)
	at org.springframework.web.servlet.mvc.method.AbstractHandlerMethodAdapter.handle(AbstractHandlerMethodAdapter.java:87)
	at org.springframework.web.servlet.DispatcherServlet.doDispatch(DispatcherServlet.java:1067)
	at org.springframework.web.servlet.DispatcherServlet.doService(DispatcherServlet.java:963)
	at org.springframework.web.servlet.FrameworkServlet.processRequest(FrameworkServlet.java:1006)
	at org.springframework.web.servlet.FrameworkServlet.doGet(FrameworkServlet.java:898)
	at javax.servlet.http.HttpServlet.service(HttpServlet.java:655)
	at org.springframework.web.servlet.FrameworkServlet.service(FrameworkServlet.java:883)
	at javax.servlet.http.HttpServlet.service(HttpServlet.java:764)
	at org.apache.catalina.core.ApplicationFilterChain.internalDoFilter(ApplicationFilterChain.java:227)
	at org.apache.catalina.core.ApplicationFilterChain.doFilter(ApplicationFilterChain.java:162)
	at org.apache.tomcat.websocket.server.WsFilter.doFilter(WsFilter.java:53)
	at org.apache.catalina.core.ApplicationFilterChain.internalDoFilter(ApplicationFilterChain.java:189)
	at org.apache.catalina.core.ApplicationFilterChain.doFilter(ApplicationFilterChain.java:162)
	at com.alibaba.druid.support.http.WebStatFilter.doFilter(WebStatFilter.java:124)
	at org.apache.catalina.core.ApplicationFilterChain.internalDoFilter(ApplicationFilterChain.java:189)
	at org.apache.catalina.core.ApplicationFilterChain.doFilter(ApplicationFilterChain.java:162)
	at org.springframework.web.filter.RequestContextFilter.doFilterInternal(RequestContextFilter.java:100)
	at org.springframework.web.filter.OncePerRequestFilter.doFilter(OncePerRequestFilter.java:119)
	at org.apache.catalina.core.ApplicationFilterChain.internalDoFilter(ApplicationFilterChain.java:189)
	at org.apache.catalina.core.ApplicationFilterChain.doFilter(ApplicationFilterChain.java:162)
	at org.springframework.web.filter.FormContentFilter.doFilterInternal(FormContentFilter.java:93)
	at org.springframework.web.filter.OncePerRequestFilter.doFilter(OncePerRequestFilter.java:119)
	at org.apache.catalina.core.ApplicationFilterChain.internalDoFilter(ApplicationFilterChain.java:189)
	at org.apache.catalina.core.ApplicationFilterChain.doFilter(ApplicationFilterChain.java:162)
	at org.springframework.web.filter.CharacterEncodingFilter.doFilterInternal(CharacterEncodingFilter.java:201)
	at org.springframework.web.filter.OncePerRequestFilter.doFilter(OncePerRequestFilter.java:119)
	at org.apache.catalina.core.ApplicationFilterChain.internalDoFilter(ApplicationFilterChain.java:189)
	at org.apache.catalina.core.ApplicationFilterChain.doFilter(ApplicationFilterChain.java:162)
	at org.apache.catalina.core.StandardWrapperValve.invoke(StandardWrapperValve.java:197)
	at org.apache.catalina.core.StandardContextValve.invoke(StandardContextValve.java:97)
	at org.apache.catalina.authenticator.AuthenticatorBase.invoke(AuthenticatorBase.java:540)
	at org.apache.catalina.core.StandardHostValve.invoke(StandardHostValve.java:135)
	at org.apache.catalina.valves.ErrorReportValve.invoke(ErrorReportValve.java:92)
	at org.apache.catalina.core.StandardEngineValve.invoke(StandardEngineValve.java:78)
	at org.apache.catalina.connector.CoyoteAdapter.service(CoyoteAdapter.java:357)
	at org.apache.coyote.http11.Http11Processor.service(Http11Processor.java:382)
	at org.apache.coyote.AbstractProcessorLight.process(AbstractProcessorLight.java:65)
	at org.apache.coyote.AbstractProtocol$ConnectionHandler.process(AbstractProtocol.java:895)
	at org.apache.tomcat.util.net.NioEndpoint$SocketProcessor.doRun(NioEndpoint.java:1722)
	at org.apache.tomcat.util.net.SocketProcessorBase.run(SocketProcessorBase.java:49)
	at org.apache.tomcat.util.threads.ThreadPoolExecutor.runWorker(ThreadPoolExecutor.java:1191)
	at org.apache.tomcat.util.threads.ThreadPoolExecutor$Worker.run(ThreadPoolExecutor.java:659)
	at org.apache.tomcat.util.threads.TaskThread$WrappingRunnable.run(TaskThread.java:61)
	at java.base/java.lang.Thread.run(Thread.java:834)
2021-11-28 17:42:23,418 [WARN ] http-nio-8080-exec-2 o.s.w.s.m.m.annotation.ExceptionHandlerExceptionResolver [AbstractHandlerExceptionResolver.java : 208] Resolved [UserDefinedException(msg=error_column_unique)]
2021-11-28 17:42:24,260 [INFO ] SpringApplicationShutdownHook com.alibaba.druid.pool.DruidDataSource [DruidDataSource.java : 1948] {dataSource-1} closing ...
2021-11-28 17:42:24,280 [INFO ] SpringApplicationShutdownHook com.alibaba.druid.pool.DruidDataSource [DruidDataSource.java : 2020] {dataSource-1} closed
2021-11-28 18:17:04,124 [INFO ] restartedMain com.qzx.secondhand.SecondhandApplication [StartupInfoLogger.java : 55] Starting SecondhandApplication using Java 11.0.3 on xiamu8861 with PID 9864 (E:\5，研究生\8，后端\3.java\code\secondhand\target\classes started by 14522 in E:\5，研究生\8，后端\3.java\code\secondhand)
2021-11-28 18:17:04,125 [INFO ] restartedMain com.qzx.secondhand.SecondhandApplication [SpringApplication.java : 639] The following profiles are active: dev
2021-11-28 18:17:04,186 [INFO ] restartedMain o.s.boot.devtools.env.DevToolsPropertyDefaultsPostProcessor [DeferredLog.java : 255] Devtools property defaults active! Set 'spring.devtools.add-properties' to 'false' to disable
2021-11-28 18:17:04,186 [INFO ] restartedMain o.s.boot.devtools.env.DevToolsPropertyDefaultsPostProcessor [DeferredLog.java : 255] For additional web related logging consider setting the 'logging.level.web' property to 'DEBUG'
2021-11-28 18:17:04,969 [INFO ] restartedMain o.s.data.repository.config.RepositoryConfigurationDelegate [RepositoryConfigurationDelegate.java : 262] Multiple Spring Data modules found, entering strict repository configuration mode!
2021-11-28 18:17:04,972 [INFO ] restartedMain o.s.data.repository.config.RepositoryConfigurationDelegate [RepositoryConfigurationDelegate.java : 132] Bootstrapping Spring Data Redis repositories in DEFAULT mode.
2021-11-28 18:17:04,992 [INFO ] restartedMain o.s.data.repository.config.RepositoryConfigurationDelegate [RepositoryConfigurationDelegate.java : 201] Finished Spring Data repository scanning in 8 ms. Found 0 Redis repository interfaces.
2021-11-28 18:17:05,238 [INFO ] restartedMain o.s.c.s.PostProcessorRegistrationDelegate$BeanPostProcessorChecker [PostProcessorRegistrationDelegate.java : 376] Bean 'thread.pool-com.qzx.secondhand.model.config.TaskThreadPoolConfig' of type [com.qzx.secondhand.model.config.TaskThreadPoolConfig] is not eligible for getting processed by all BeanPostProcessors (for example: not eligible for auto-proxying)
2021-11-28 18:17:05,240 [INFO ] restartedMain o.s.c.s.PostProcessorRegistrationDelegate$BeanPostProcessorChecker [PostProcessorRegistrationDelegate.java : 376] Bean 'defaultThreadPoolConfig' of type [com.qzx.secondhand.config.DefaultThreadPoolConfig$$EnhancerBySpringCGLIB$$d25f33f] is not eligible for getting processed by all BeanPostProcessors (for example: not eligible for auto-proxying)
2021-11-28 18:17:05,249 [INFO ] restartedMain o.s.c.s.PostProcessorRegistrationDelegate$BeanPostProcessorChecker [PostProcessorRegistrationDelegate.java : 376] Bean 'com.alibaba.druid.spring.boot.autoconfigure.stat.DruidSpringAopConfiguration' of type [com.alibaba.druid.spring.boot.autoconfigure.stat.DruidSpringAopConfiguration] is not eligible for getting processed by all BeanPostProcessors (for example: not eligible for auto-proxying)
2021-11-28 18:17:05,303 [INFO ] restartedMain o.s.c.s.PostProcessorRegistrationDelegate$BeanPostProcessorChecker [PostProcessorRegistrationDelegate.java : 376] Bean 'spring.datasource.druid-com.alibaba.druid.spring.boot.autoconfigure.properties.DruidStatProperties' of type [com.alibaba.druid.spring.boot.autoconfigure.properties.DruidStatProperties] is not eligible for getting processed by all BeanPostProcessors (for example: not eligible for auto-proxying)
2021-11-28 18:17:05,308 [INFO ] restartedMain o.s.c.s.PostProcessorRegistrationDelegate$BeanPostProcessorChecker [PostProcessorRegistrationDelegate.java : 376] Bean 'advisor' of type [org.springframework.aop.support.RegexpMethodPointcutAdvisor] is not eligible for getting processed by all BeanPostProcessors (for example: not eligible for auto-proxying)
2021-11-28 18:17:05,612 [INFO ] restartedMain org.springframework.boot.web.embedded.tomcat.TomcatWebServer [TomcatWebServer.java : 108] Tomcat initialized with port(s): 8080 (http)
2021-11-28 18:17:05,622 [INFO ] restartedMain org.apache.coyote.http11.Http11NioProtocol [DirectJDKLog.java : 173] Initializing ProtocolHandler ["http-nio-8080"]
2021-11-28 18:17:05,623 [INFO ] restartedMain org.apache.catalina.core.StandardService [DirectJDKLog.java : 173] Starting service [Tomcat]
2021-11-28 18:17:05,623 [INFO ] restartedMain org.apache.catalina.core.StandardEngine [DirectJDKLog.java : 173] Starting Servlet engine: [Apache Tomcat/9.0.55]
2021-11-28 18:17:05,696 [INFO ] restartedMain o.a.catalina.core.ContainerBase.[Tomcat].[localhost].[/] [DirectJDKLog.java : 173] Initializing Spring embedded WebApplicationContext
2021-11-28 18:17:05,696 [INFO ] restartedMain o.s.b.web.servlet.context.ServletWebServerApplicationContext [ServletWebServerApplicationContext.java : 290] Root WebApplicationContext: initialization completed in 1509 ms
2021-11-28 18:17:05,847 [INFO ] restartedMain c.a.d.spring.boot.autoconfigure.DruidDataSourceAutoConfigure [DruidDataSourceAutoConfigure.java : 56] Init DruidDataSource
2021-11-28 18:17:07,919 [INFO ] restartedMain com.alibaba.druid.pool.DruidDataSource [DruidDataSource.java : 1003] {dataSource-1} inited
2021-11-28 18:17:08,699 [INFO ] restartedMain o.s.boot.devtools.autoconfigure.OptionalLiveReloadServer [OptionalLiveReloadServer.java : 58] LiveReload server is running on port 35729
2021-11-28 18:17:08,759 [INFO ] restartedMain org.apache.coyote.http11.Http11NioProtocol [DirectJDKLog.java : 173] Starting ProtocolHandler ["http-nio-8080"]
2021-11-28 18:17:08,775 [INFO ] restartedMain org.springframework.boot.web.embedded.tomcat.TomcatWebServer [TomcatWebServer.java : 220] Tomcat started on port(s): 8080 (http) with context path ''
2021-11-28 18:17:08,788 [INFO ] restartedMain com.qzx.secondhand.SecondhandApplication [StartupInfoLogger.java : 61] Started SecondhandApplication in 5.32 seconds (JVM running for 6.619)
2021-11-28 18:17:47,913 [INFO ] http-nio-8080-exec-1 o.a.catalina.core.ContainerBase.[Tomcat].[localhost].[/] [DirectJDKLog.java : 173] Initializing Spring DispatcherServlet 'dispatcherServlet'
2021-11-28 18:17:47,915 [INFO ] http-nio-8080-exec-1 org.springframework.web.servlet.DispatcherServlet [FrameworkServlet.java : 525] Initializing Servlet 'dispatcherServlet'
2021-11-28 18:17:47,919 [INFO ] http-nio-8080-exec-1 org.springframework.web.servlet.DispatcherServlet [FrameworkServlet.java : 547] Completed initialization in 4 ms
2021-11-28 18:17:48,063 [WARN ] http-nio-8080-exec-1 com.qzx.secondhand.exception.handler.GlobalExceptionHandler [GlobalExceptionHandler.java : 30] [9001],空指针异常
com.qzx.secondhand.exception.handler.UserDefinedException: 空指针异常
	at com.qzx.secondhand.controller.TradeUser.test(TradeUser.java:25)
	at com.qzx.secondhand.controller.TradeUser$$FastClassBySpringCGLIB$$6b519d1c.invoke(<generated>)
	at org.springframework.cglib.proxy.MethodProxy.invoke(MethodProxy.java:218)
	at org.springframework.aop.framework.CglibAopProxy$CglibMethodInvocation.invokeJoinpoint(CglibAopProxy.java:783)
	at org.springframework.aop.framework.ReflectiveMethodInvocation.proceed(ReflectiveMethodInvocation.java:163)
	at org.springframework.aop.framework.CglibAopProxy$CglibMethodInvocation.proceed(CglibAopProxy.java:753)
	at com.alibaba.druid.support.spring.stat.DruidStatInterceptor.invoke(DruidStatInterceptor.java:73)
	at org.springframework.aop.framework.ReflectiveMethodInvocation.proceed(ReflectiveMethodInvocation.java:186)
	at org.springframework.aop.framework.CglibAopProxy$CglibMethodInvocation.proceed(CglibAopProxy.java:753)
	at org.springframework.aop.framework.CglibAopProxy$DynamicAdvisedInterceptor.intercept(CglibAopProxy.java:698)
	at com.qzx.secondhand.controller.TradeUser$$EnhancerBySpringCGLIB$$68932199.test(<generated>)
	at java.base/jdk.internal.reflect.NativeMethodAccessorImpl.invoke0(Native Method)
	at java.base/jdk.internal.reflect.NativeMethodAccessorImpl.invoke(NativeMethodAccessorImpl.java:62)
	at java.base/jdk.internal.reflect.DelegatingMethodAccessorImpl.invoke(DelegatingMethodAccessorImpl.java:43)
	at java.base/java.lang.reflect.Method.invoke(Method.java:566)
	at org.springframework.web.method.support.InvocableHandlerMethod.doInvoke(InvocableHandlerMethod.java:205)
	at org.springframework.web.method.support.InvocableHandlerMethod.invokeForRequest(InvocableHandlerMethod.java:150)
	at org.springframework.web.servlet.mvc.method.annotation.ServletInvocableHandlerMethod.invokeAndHandle(ServletInvocableHandlerMethod.java:117)
	at org.springframework.web.servlet.mvc.method.annotation.RequestMappingHandlerAdapter.invokeHandlerMethod(RequestMappingHandlerAdapter.java:895)
	at org.springframework.web.servlet.mvc.method.annotation.RequestMappingHandlerAdapter.handleInternal(RequestMappingHandlerAdapter.java:808)
	at org.springframework.web.servlet.mvc.method.AbstractHandlerMethodAdapter.handle(AbstractHandlerMethodAdapter.java:87)
	at org.springframework.web.servlet.DispatcherServlet.doDispatch(DispatcherServlet.java:1067)
	at org.springframework.web.servlet.DispatcherServlet.doService(DispatcherServlet.java:963)
	at org.springframework.web.servlet.FrameworkServlet.processRequest(FrameworkServlet.java:1006)
	at org.springframework.web.servlet.FrameworkServlet.doGet(FrameworkServlet.java:898)
	at javax.servlet.http.HttpServlet.service(HttpServlet.java:655)
	at org.springframework.web.servlet.FrameworkServlet.service(FrameworkServlet.java:883)
	at javax.servlet.http.HttpServlet.service(HttpServlet.java:764)
	at org.apache.catalina.core.ApplicationFilterChain.internalDoFilter(ApplicationFilterChain.java:227)
	at org.apache.catalina.core.ApplicationFilterChain.doFilter(ApplicationFilterChain.java:162)
	at org.apache.tomcat.websocket.server.WsFilter.doFilter(WsFilter.java:53)
	at org.apache.catalina.core.ApplicationFilterChain.internalDoFilter(ApplicationFilterChain.java:189)
	at org.apache.catalina.core.ApplicationFilterChain.doFilter(ApplicationFilterChain.java:162)
	at com.alibaba.druid.support.http.WebStatFilter.doFilter(WebStatFilter.java:124)
	at org.apache.catalina.core.ApplicationFilterChain.internalDoFilter(ApplicationFilterChain.java:189)
	at org.apache.catalina.core.ApplicationFilterChain.doFilter(ApplicationFilterChain.java:162)
	at org.springframework.web.filter.RequestContextFilter.doFilterInternal(RequestContextFilter.java:100)
	at org.springframework.web.filter.OncePerRequestFilter.doFilter(OncePerRequestFilter.java:119)
	at org.apache.catalina.core.ApplicationFilterChain.internalDoFilter(ApplicationFilterChain.java:189)
	at org.apache.catalina.core.ApplicationFilterChain.doFilter(ApplicationFilterChain.java:162)
	at org.springframework.web.filter.FormContentFilter.doFilterInternal(FormContentFilter.java:93)
	at org.springframework.web.filter.OncePerRequestFilter.doFilter(OncePerRequestFilter.java:119)
	at org.apache.catalina.core.ApplicationFilterChain.internalDoFilter(ApplicationFilterChain.java:189)
	at org.apache.catalina.core.ApplicationFilterChain.doFilter(ApplicationFilterChain.java:162)
	at org.springframework.web.filter.CharacterEncodingFilter.doFilterInternal(CharacterEncodingFilter.java:201)
	at org.springframework.web.filter.OncePerRequestFilter.doFilter(OncePerRequestFilter.java:119)
	at org.apache.catalina.core.ApplicationFilterChain.internalDoFilter(ApplicationFilterChain.java:189)
	at org.apache.catalina.core.ApplicationFilterChain.doFilter(ApplicationFilterChain.java:162)
	at org.apache.catalina.core.StandardWrapperValve.invoke(StandardWrapperValve.java:197)
	at org.apache.catalina.core.StandardContextValve.invoke(StandardContextValve.java:97)
	at org.apache.catalina.authenticator.AuthenticatorBase.invoke(AuthenticatorBase.java:540)
	at org.apache.catalina.core.StandardHostValve.invoke(StandardHostValve.java:135)
	at org.apache.catalina.valves.ErrorReportValve.invoke(ErrorReportValve.java:92)
	at org.apache.catalina.core.StandardEngineValve.invoke(StandardEngineValve.java:78)
	at org.apache.catalina.connector.CoyoteAdapter.service(CoyoteAdapter.java:357)
	at org.apache.coyote.http11.Http11Processor.service(Http11Processor.java:382)
	at org.apache.coyote.AbstractProcessorLight.process(AbstractProcessorLight.java:65)
	at org.apache.coyote.AbstractProtocol$ConnectionHandler.process(AbstractProtocol.java:895)
	at org.apache.tomcat.util.net.NioEndpoint$SocketProcessor.doRun(NioEndpoint.java:1722)
	at org.apache.tomcat.util.net.SocketProcessorBase.run(SocketProcessorBase.java:49)
	at org.apache.tomcat.util.threads.ThreadPoolExecutor.runWorker(ThreadPoolExecutor.java:1191)
	at org.apache.tomcat.util.threads.ThreadPoolExecutor$Worker.run(ThreadPoolExecutor.java:659)
	at org.apache.tomcat.util.threads.TaskThread$WrappingRunnable.run(TaskThread.java:61)
	at java.base/java.lang.Thread.run(Thread.java:834)
2021-11-28 18:17:48,496 [WARN ] http-nio-8080-exec-1 o.s.w.s.m.m.annotation.ExceptionHandlerExceptionResolver [AbstractHandlerExceptionResolver.java : 208] Resolved [com.qzx.secondhand.exception.handler.UserDefinedException: 空指针异常 错误码:9001 错误信息:空指针异常]
2021-11-28 18:19:25,740 [INFO ] SpringApplicationShutdownHook com.alibaba.druid.pool.DruidDataSource [DruidDataSource.java : 1948] {dataSource-1} closing ...
2021-11-28 18:19:25,760 [INFO ] SpringApplicationShutdownHook com.alibaba.druid.pool.DruidDataSource [DruidDataSource.java : 2020] {dataSource-1} closed
2021-11-28 18:19:32,965 [INFO ] restartedMain com.qzx.secondhand.SecondhandApplication [StartupInfoLogger.java : 55] Starting SecondhandApplication using Java 11.0.3 on xiamu8861 with PID 8204 (E:\5，研究生\8，后端\3.java\code\secondhand\target\classes started by 14522 in E:\5，研究生\8，后端\3.java\code\secondhand)
2021-11-28 18:19:32,967 [INFO ] restartedMain com.qzx.secondhand.SecondhandApplication [SpringApplication.java : 639] The following profiles are active: dev
2021-11-28 18:19:33,026 [INFO ] restartedMain o.s.boot.devtools.env.DevToolsPropertyDefaultsPostProcessor [DeferredLog.java : 255] Devtools property defaults active! Set 'spring.devtools.add-properties' to 'false' to disable
2021-11-28 18:19:33,027 [INFO ] restartedMain o.s.boot.devtools.env.DevToolsPropertyDefaultsPostProcessor [DeferredLog.java : 255] For additional web related logging consider setting the 'logging.level.web' property to 'DEBUG'
2021-11-28 18:19:33,701 [INFO ] restartedMain o.s.data.repository.config.RepositoryConfigurationDelegate [RepositoryConfigurationDelegate.java : 262] Multiple Spring Data modules found, entering strict repository configuration mode!
2021-11-28 18:19:33,703 [INFO ] restartedMain o.s.data.repository.config.RepositoryConfigurationDelegate [RepositoryConfigurationDelegate.java : 132] Bootstrapping Spring Data Redis repositories in DEFAULT mode.
2021-11-28 18:19:33,725 [INFO ] restartedMain o.s.data.repository.config.RepositoryConfigurationDelegate [RepositoryConfigurationDelegate.java : 201] Finished Spring Data repository scanning in 7 ms. Found 0 Redis repository interfaces.
2021-11-28 18:19:33,990 [INFO ] restartedMain o.s.c.s.PostProcessorRegistrationDelegate$BeanPostProcessorChecker [PostProcessorRegistrationDelegate.java : 376] Bean 'thread.pool-com.qzx.secondhand.model.config.TaskThreadPoolConfig' of type [com.qzx.secondhand.model.config.TaskThreadPoolConfig] is not eligible for getting processed by all BeanPostProcessors (for example: not eligible for auto-proxying)
2021-11-28 18:19:33,992 [INFO ] restartedMain o.s.c.s.PostProcessorRegistrationDelegate$BeanPostProcessorChecker [PostProcessorRegistrationDelegate.java : 376] Bean 'defaultThreadPoolConfig' of type [com.qzx.secondhand.config.DefaultThreadPoolConfig$$EnhancerBySpringCGLIB$$5ab02903] is not eligible for getting processed by all BeanPostProcessors (for example: not eligible for auto-proxying)
2021-11-28 18:19:34,002 [INFO ] restartedMain o.s.c.s.PostProcessorRegistrationDelegate$BeanPostProcessorChecker [PostProcessorRegistrationDelegate.java : 376] Bean 'com.alibaba.druid.spring.boot.autoconfigure.stat.DruidSpringAopConfiguration' of type [com.alibaba.druid.spring.boot.autoconfigure.stat.DruidSpringAopConfiguration] is not eligible for getting processed by all BeanPostProcessors (for example: not eligible for auto-proxying)
2021-11-28 18:19:34,054 [INFO ] restartedMain o.s.c.s.PostProcessorRegistrationDelegate$BeanPostProcessorChecker [PostProcessorRegistrationDelegate.java : 376] Bean 'spring.datasource.druid-com.alibaba.druid.spring.boot.autoconfigure.properties.DruidStatProperties' of type [com.alibaba.druid.spring.boot.autoconfigure.properties.DruidStatProperties] is not eligible for getting processed by all BeanPostProcessors (for example: not eligible for auto-proxying)
2021-11-28 18:19:34,060 [INFO ] restartedMain o.s.c.s.PostProcessorRegistrationDelegate$BeanPostProcessorChecker [PostProcessorRegistrationDelegate.java : 376] Bean 'advisor' of type [org.springframework.aop.support.RegexpMethodPointcutAdvisor] is not eligible for getting processed by all BeanPostProcessors (for example: not eligible for auto-proxying)
2021-11-28 18:19:34,364 [INFO ] restartedMain org.springframework.boot.web.embedded.tomcat.TomcatWebServer [TomcatWebServer.java : 108] Tomcat initialized with port(s): 8080 (http)
2021-11-28 18:19:34,374 [INFO ] restartedMain org.apache.coyote.http11.Http11NioProtocol [DirectJDKLog.java : 173] Initializing ProtocolHandler ["http-nio-8080"]
2021-11-28 18:19:34,375 [INFO ] restartedMain org.apache.catalina.core.StandardService [DirectJDKLog.java : 173] Starting service [Tomcat]
2021-11-28 18:19:34,376 [INFO ] restartedMain org.apache.catalina.core.StandardEngine [DirectJDKLog.java : 173] Starting Servlet engine: [Apache Tomcat/9.0.55]
2021-11-28 18:19:34,444 [INFO ] restartedMain o.a.catalina.core.ContainerBase.[Tomcat].[localhost].[/] [DirectJDKLog.java : 173] Initializing Spring embedded WebApplicationContext
2021-11-28 18:19:34,445 [INFO ] restartedMain o.s.b.web.servlet.context.ServletWebServerApplicationContext [ServletWebServerApplicationContext.java : 290] Root WebApplicationContext: initialization completed in 1417 ms
2021-11-28 18:19:34,584 [INFO ] restartedMain c.a.d.spring.boot.autoconfigure.DruidDataSourceAutoConfigure [DruidDataSourceAutoConfigure.java : 56] Init DruidDataSource
2021-11-28 18:19:36,416 [INFO ] restartedMain com.alibaba.druid.pool.DruidDataSource [DruidDataSource.java : 1003] {dataSource-1} inited
2021-11-28 18:19:37,207 [INFO ] restartedMain o.s.boot.devtools.autoconfigure.OptionalLiveReloadServer [OptionalLiveReloadServer.java : 58] LiveReload server is running on port 35729
2021-11-28 18:19:37,275 [INFO ] restartedMain org.apache.coyote.http11.Http11NioProtocol [DirectJDKLog.java : 173] Starting ProtocolHandler ["http-nio-8080"]
2021-11-28 18:19:37,299 [INFO ] restartedMain org.springframework.boot.web.embedded.tomcat.TomcatWebServer [TomcatWebServer.java : 220] Tomcat started on port(s): 8080 (http) with context path ''
2021-11-28 18:19:37,310 [INFO ] restartedMain com.qzx.secondhand.SecondhandApplication [StartupInfoLogger.java : 61] Started SecondhandApplication in 5.108 seconds (JVM running for 7.129)
2021-11-28 18:19:57,045 [INFO ] http-nio-8080-exec-1 o.a.catalina.core.ContainerBase.[Tomcat].[localhost].[/] [DirectJDKLog.java : 173] Initializing Spring DispatcherServlet 'dispatcherServlet'
2021-11-28 18:19:57,049 [INFO ] http-nio-8080-exec-1 org.springframework.web.servlet.DispatcherServlet [FrameworkServlet.java : 525] Initializing Servlet 'dispatcherServlet'
2021-11-28 18:19:57,050 [INFO ] http-nio-8080-exec-1 org.springframework.web.servlet.DispatcherServlet [FrameworkServlet.java : 547] Completed initialization in 1 ms
2021-11-28 18:19:57,102 [WARN ] http-nio-8080-exec-1 com.qzx.secondhand.exception.handler.GlobalExceptionHandler [GlobalExceptionHandler.java : 30] [9001],空指针异常
com.qzx.secondhand.exception.handler.UserDefinedException: 空指针异常
	at com.qzx.secondhand.controller.TradeUser.test(TradeUser.java:25)
	at com.qzx.secondhand.controller.TradeUser$$FastClassBySpringCGLIB$$6b519d1c.invoke(<generated>)
	at org.springframework.cglib.proxy.MethodProxy.invoke(MethodProxy.java:218)
	at org.springframework.aop.framework.CglibAopProxy$CglibMethodInvocation.invokeJoinpoint(CglibAopProxy.java:783)
	at org.springframework.aop.framework.ReflectiveMethodInvocation.proceed(ReflectiveMethodInvocation.java:163)
	at org.springframework.aop.framework.CglibAopProxy$CglibMethodInvocation.proceed(CglibAopProxy.java:753)
	at com.alibaba.druid.support.spring.stat.DruidStatInterceptor.invoke(DruidStatInterceptor.java:73)
	at org.springframework.aop.framework.ReflectiveMethodInvocation.proceed(ReflectiveMethodInvocation.java:186)
	at org.springframework.aop.framework.CglibAopProxy$CglibMethodInvocation.proceed(CglibAopProxy.java:753)
	at org.springframework.aop.framework.CglibAopProxy$DynamicAdvisedInterceptor.intercept(CglibAopProxy.java:698)
	at com.qzx.secondhand.controller.TradeUser$$EnhancerBySpringCGLIB$$57e9e173.test(<generated>)
	at java.base/jdk.internal.reflect.NativeMethodAccessorImpl.invoke0(Native Method)
	at java.base/jdk.internal.reflect.NativeMethodAccessorImpl.invoke(NativeMethodAccessorImpl.java:62)
	at java.base/jdk.internal.reflect.DelegatingMethodAccessorImpl.invoke(DelegatingMethodAccessorImpl.java:43)
	at java.base/java.lang.reflect.Method.invoke(Method.java:566)
	at org.springframework.web.method.support.InvocableHandlerMethod.doInvoke(InvocableHandlerMethod.java:205)
	at org.springframework.web.method.support.InvocableHandlerMethod.invokeForRequest(InvocableHandlerMethod.java:150)
	at org.springframework.web.servlet.mvc.method.annotation.ServletInvocableHandlerMethod.invokeAndHandle(ServletInvocableHandlerMethod.java:117)
	at org.springframework.web.servlet.mvc.method.annotation.RequestMappingHandlerAdapter.invokeHandlerMethod(RequestMappingHandlerAdapter.java:895)
	at org.springframework.web.servlet.mvc.method.annotation.RequestMappingHandlerAdapter.handleInternal(RequestMappingHandlerAdapter.java:808)
	at org.springframework.web.servlet.mvc.method.AbstractHandlerMethodAdapter.handle(AbstractHandlerMethodAdapter.java:87)
	at org.springframework.web.servlet.DispatcherServlet.doDispatch(DispatcherServlet.java:1067)
	at org.springframework.web.servlet.DispatcherServlet.doService(DispatcherServlet.java:963)
	at org.springframework.web.servlet.FrameworkServlet.processRequest(FrameworkServlet.java:1006)
	at org.springframework.web.servlet.FrameworkServlet.doGet(FrameworkServlet.java:898)
	at javax.servlet.http.HttpServlet.service(HttpServlet.java:655)
	at org.springframework.web.servlet.FrameworkServlet.service(FrameworkServlet.java:883)
	at javax.servlet.http.HttpServlet.service(HttpServlet.java:764)
	at org.apache.catalina.core.ApplicationFilterChain.internalDoFilter(ApplicationFilterChain.java:227)
	at org.apache.catalina.core.ApplicationFilterChain.doFilter(ApplicationFilterChain.java:162)
	at org.apache.tomcat.websocket.server.WsFilter.doFilter(WsFilter.java:53)
	at org.apache.catalina.core.ApplicationFilterChain.internalDoFilter(ApplicationFilterChain.java:189)
	at org.apache.catalina.core.ApplicationFilterChain.doFilter(ApplicationFilterChain.java:162)
	at com.alibaba.druid.support.http.WebStatFilter.doFilter(WebStatFilter.java:124)
	at org.apache.catalina.core.ApplicationFilterChain.internalDoFilter(ApplicationFilterChain.java:189)
	at org.apache.catalina.core.ApplicationFilterChain.doFilter(ApplicationFilterChain.java:162)
	at org.springframework.web.filter.RequestContextFilter.doFilterInternal(RequestContextFilter.java:100)
	at org.springframework.web.filter.OncePerRequestFilter.doFilter(OncePerRequestFilter.java:119)
	at org.apache.catalina.core.ApplicationFilterChain.internalDoFilter(ApplicationFilterChain.java:189)
	at org.apache.catalina.core.ApplicationFilterChain.doFilter(ApplicationFilterChain.java:162)
	at org.springframework.web.filter.FormContentFilter.doFilterInternal(FormContentFilter.java:93)
	at org.springframework.web.filter.OncePerRequestFilter.doFilter(OncePerRequestFilter.java:119)
	at org.apache.catalina.core.ApplicationFilterChain.internalDoFilter(ApplicationFilterChain.java:189)
	at org.apache.catalina.core.ApplicationFilterChain.doFilter(ApplicationFilterChain.java:162)
	at org.springframework.web.filter.CharacterEncodingFilter.doFilterInternal(CharacterEncodingFilter.java:201)
	at org.springframework.web.filter.OncePerRequestFilter.doFilter(OncePerRequestFilter.java:119)
	at org.apache.catalina.core.ApplicationFilterChain.internalDoFilter(ApplicationFilterChain.java:189)
	at org.apache.catalina.core.ApplicationFilterChain.doFilter(ApplicationFilterChain.java:162)
	at org.apache.catalina.core.StandardWrapperValve.invoke(StandardWrapperValve.java:197)
	at org.apache.catalina.core.StandardContextValve.invoke(StandardContextValve.java:97)
	at org.apache.catalina.authenticator.AuthenticatorBase.invoke(AuthenticatorBase.java:540)
	at org.apache.catalina.core.StandardHostValve.invoke(StandardHostValve.java:135)
	at org.apache.catalina.valves.ErrorReportValve.invoke(ErrorReportValve.java:92)
	at org.apache.catalina.core.StandardEngineValve.invoke(StandardEngineValve.java:78)
	at org.apache.catalina.connector.CoyoteAdapter.service(CoyoteAdapter.java:357)
	at org.apache.coyote.http11.Http11Processor.service(Http11Processor.java:382)
	at org.apache.coyote.AbstractProcessorLight.process(AbstractProcessorLight.java:65)
	at org.apache.coyote.AbstractProtocol$ConnectionHandler.process(AbstractProtocol.java:895)
	at org.apache.tomcat.util.net.NioEndpoint$SocketProcessor.doRun(NioEndpoint.java:1722)
	at org.apache.tomcat.util.net.SocketProcessorBase.run(SocketProcessorBase.java:49)
	at org.apache.tomcat.util.threads.ThreadPoolExecutor.runWorker(ThreadPoolExecutor.java:1191)
	at org.apache.tomcat.util.threads.ThreadPoolExecutor$Worker.run(ThreadPoolExecutor.java:659)
	at org.apache.tomcat.util.threads.TaskThread$WrappingRunnable.run(TaskThread.java:61)
	at java.base/java.lang.Thread.run(Thread.java:834)
2021-11-28 18:19:57,172 [WARN ] http-nio-8080-exec-1 o.s.w.s.m.m.annotation.ExceptionHandlerExceptionResolver [AbstractHandlerExceptionResolver.java : 208] Resolved [com.qzx.secondhand.exception.handler.UserDefinedException: 空指针异常 错误码:9001 错误信息:空指针异常]
